SF:/Users/steff-man/Projects/librefit/src-tauri/src/calc/math_f32.rs
FN:4,_RNvNtNtCs99Oc0knXXS8_12librefit_lib4calc8math_f329floor_f32
FN:4,_RNvNtNtCskxb0fiIX3sM_12librefit_lib4calc8math_f329floor_f32
FNDA:437,_RNvNtNtCs99Oc0knXXS8_12librefit_lib4calc8math_f329floor_f32
FNDA:0,_RNvNtNtCskxb0fiIX3sM_12librefit_lib4calc8math_f329floor_f32
FNF:1
FNH:1
DA:4,437
DA:5,437
DA:6,437
BRF:0
BRH:0
LF:3
LH:3
end_of_record
SF:/Users/steff-man/Projects/librefit/src-tauri/src/calc/wizard.rs
FN:61,_RNvMNtNtCs99Oc0knXXS8_12librefit_lib4calc6wizardNtB2_12WizardResult8specific
FN:439,_RNvNtNtCs99Oc0knXXS8_12librefit_lib4calc6wizard13calculate_bmi
FN:415,_RNvNtNtCs99Oc0knXXS8_12librefit_lib4calc6wizard13calculate_bmr
FN:424,_RNvNtNtCs99Oc0knXXS8_12librefit_lib4calc6wizard14calculate_tdee
FN:432,_RNvNtNtCs99Oc0knXXS8_12librefit_lib4calc6wizard16calculate_target
FN:428,_RNvNtNtCs99Oc0knXXS8_12librefit_lib4calc6wizard17calculate_deficit
FN:458,_RNvNtNtCs99Oc0knXXS8_12librefit_lib4calc6wizard20calculate_target_bmi
FN:443,_RNvNtNtCs99Oc0knXXS8_12librefit_lib4calc6wizard22calculate_bmi_category
FN:513,_RNvNtNtCs99Oc0knXXS8_12librefit_lib4calc6wizard23calculate_duration_days
FN:462,_RNvNtNtCs99Oc0knXXS8_12librefit_lib4calc6wizard23calculate_target_weight
FN:169,_RNvNtNtCs99Oc0knXXS8_12librefit_lib4calc6wizard23validate_activity_level
FN:520,_RNvNtNtCs99Oc0knXXS8_12librefit_lib4calc6wizard24calculate_recommendation
FN:234,_RNvNtNtCs99Oc0knXXS8_12librefit_lib4calc6wizard25calculate_for_target_date
FN:335,_RNvNtNtCs99Oc0knXXS8_12librefit_lib4calc6wizard27calculate_for_target_weight
FN:474,_RNvNtNtCs99Oc0knXXS8_12librefit_lib4calc6wizard29calculate_duration_days_total
FN:466,_RNvNtNtCs99Oc0knXXS8_12librefit_lib4calc6wizard29calculate_target_weight_lower
FN:470,_RNvNtNtCs99Oc0knXXS8_12librefit_lib4calc6wizard29calculate_target_weight_upper
FN:165,_RNvNtNtCs99Oc0knXXS8_12librefit_lib4calc6wizard8validate
FN:176,_RNvNtNtCs99Oc0knXXS8_12librefit_lib4calc6wizard9calculate
FN:261,_RNCNvNtNtCs99Oc0knXXS8_12librefit_lib4calc6wizard25calculate_for_target_date0B7_
FN:322,_RNCNvNtNtCs99Oc0knXXS8_12librefit_lib4calc6wizard25calculate_for_target_dates_0B7_
FN:261,_RNCNvNtNtCskxb0fiIX3sM_12librefit_lib4calc6wizard25calculate_for_target_date0B7_
FN:322,_RNCNvNtNtCskxb0fiIX3sM_12librefit_lib4calc6wizard25calculate_for_target_dates_0B7_
FN:61,_RNvMNtNtCskxb0fiIX3sM_12librefit_lib4calc6wizardNtB2_12WizardResult8specific
FN:439,_RNvNtNtCskxb0fiIX3sM_12librefit_lib4calc6wizard13calculate_bmi
FN:415,_RNvNtNtCskxb0fiIX3sM_12librefit_lib4calc6wizard13calculate_bmr
FN:424,_RNvNtNtCskxb0fiIX3sM_12librefit_lib4calc6wizard14calculate_tdee
FN:432,_RNvNtNtCskxb0fiIX3sM_12librefit_lib4calc6wizard16calculate_target
FN:428,_RNvNtNtCskxb0fiIX3sM_12librefit_lib4calc6wizard17calculate_deficit
FN:458,_RNvNtNtCskxb0fiIX3sM_12librefit_lib4calc6wizard20calculate_target_bmi
FN:443,_RNvNtNtCskxb0fiIX3sM_12librefit_lib4calc6wizard22calculate_bmi_category
FN:513,_RNvNtNtCskxb0fiIX3sM_12librefit_lib4calc6wizard23calculate_duration_days
FN:462,_RNvNtNtCskxb0fiIX3sM_12librefit_lib4calc6wizard23calculate_target_weight
FN:169,_RNvNtNtCskxb0fiIX3sM_12librefit_lib4calc6wizard23validate_activity_level
FN:520,_RNvNtNtCskxb0fiIX3sM_12librefit_lib4calc6wizard24calculate_recommendation
FN:234,_RNvNtNtCskxb0fiIX3sM_12librefit_lib4calc6wizard25calculate_for_target_date
FN:335,_RNvNtNtCskxb0fiIX3sM_12librefit_lib4calc6wizard27calculate_for_target_weight
FN:474,_RNvNtNtCskxb0fiIX3sM_12librefit_lib4calc6wizard29calculate_duration_days_total
FN:466,_RNvNtNtCskxb0fiIX3sM_12librefit_lib4calc6wizard29calculate_target_weight_lower
FN:470,_RNvNtNtCskxb0fiIX3sM_12librefit_lib4calc6wizard29calculate_target_weight_upper
FN:165,_RNvNtNtCskxb0fiIX3sM_12librefit_lib4calc6wizard8validate
FN:176,_RNvNtNtCskxb0fiIX3sM_12librefit_lib4calc6wizard9calculate
FNDA:21,_RNvMNtNtCs99Oc0knXXS8_12librefit_lib4calc6wizardNtB2_12WizardResult8specific
FNDA:50,_RNvNtNtCs99Oc0knXXS8_12librefit_lib4calc6wizard13calculate_bmi
FNDA:8,_RNvNtNtCs99Oc0knXXS8_12librefit_lib4calc6wizard13calculate_bmr
FNDA:8,_RNvNtNtCs99Oc0knXXS8_12librefit_lib4calc6wizard14calculate_tdee
FNDA:8,_RNvNtNtCs99Oc0knXXS8_12librefit_lib4calc6wizard16calculate_target
FNDA:8,_RNvNtNtCs99Oc0knXXS8_12librefit_lib4calc6wizard17calculate_deficit
FNDA:8,_RNvNtNtCs99Oc0knXXS8_12librefit_lib4calc6wizard20calculate_target_bmi
FNDA:50,_RNvNtNtCs99Oc0knXXS8_12librefit_lib4calc6wizard22calculate_bmi_category
FNDA:24,_RNvNtNtCs99Oc0knXXS8_12librefit_lib4calc6wizard23calculate_duration_days
FNDA:8,_RNvNtNtCs99Oc0knXXS8_12librefit_lib4calc6wizard23calculate_target_weight
FNDA:9,_RNvNtNtCs99Oc0knXXS8_12librefit_lib4calc6wizard23validate_activity_level
FNDA:8,_RNvNtNtCs99Oc0knXXS8_12librefit_lib4calc6wizard24calculate_recommendation
FNDA:3,_RNvNtNtCs99Oc0knXXS8_12librefit_lib4calc6wizard25calculate_for_target_date
FNDA:9,_RNvNtNtCs99Oc0knXXS8_12librefit_lib4calc6wizard27calculate_for_target_weight
FNDA:8,_RNvNtNtCs99Oc0knXXS8_12librefit_lib4calc6wizard29calculate_duration_days_total
FNDA:8,_RNvNtNtCs99Oc0knXXS8_12librefit_lib4calc6wizard29calculate_target_weight_lower
FNDA:8,_RNvNtNtCs99Oc0knXXS8_12librefit_lib4calc6wizard29calculate_target_weight_upper
FNDA:8,_RNvNtNtCs99Oc0knXXS8_12librefit_lib4calc6wizard8validate
FNDA:8,_RNvNtNtCs99Oc0knXXS8_12librefit_lib4calc6wizard9calculate
FNDA:21,_RNCNvNtNtCs99Oc0knXXS8_12librefit_lib4calc6wizard25calculate_for_target_date0B7_
FNDA:21,_RNCNvNtNtCs99Oc0knXXS8_12librefit_lib4calc6wizard25calculate_for_target_dates_0B7_
FNDA:0,_RNCNvNtNtCskxb0fiIX3sM_12librefit_lib4calc6wizard25calculate_for_target_date0B7_
FNDA:0,_RNCNvNtNtCskxb0fiIX3sM_12librefit_lib4calc6wizard25calculate_for_target_dates_0B7_
FNDA:0,_RNvMNtNtCskxb0fiIX3sM_12librefit_lib4calc6wizardNtB2_12WizardResult8specific
FNDA:0,_RNvNtNtCskxb0fiIX3sM_12librefit_lib4calc6wizard13calculate_bmi
FNDA:0,_RNvNtNtCskxb0fiIX3sM_12librefit_lib4calc6wizard13calculate_bmr
FNDA:0,_RNvNtNtCskxb0fiIX3sM_12librefit_lib4calc6wizard14calculate_tdee
FNDA:0,_RNvNtNtCskxb0fiIX3sM_12librefit_lib4calc6wizard16calculate_target
FNDA:0,_RNvNtNtCskxb0fiIX3sM_12librefit_lib4calc6wizard17calculate_deficit
FNDA:0,_RNvNtNtCskxb0fiIX3sM_12librefit_lib4calc6wizard20calculate_target_bmi
FNDA:0,_RNvNtNtCskxb0fiIX3sM_12librefit_lib4calc6wizard22calculate_bmi_category
FNDA:0,_RNvNtNtCskxb0fiIX3sM_12librefit_lib4calc6wizard23calculate_duration_days
FNDA:0,_RNvNtNtCskxb0fiIX3sM_12librefit_lib4calc6wizard23calculate_target_weight
FNDA:0,_RNvNtNtCskxb0fiIX3sM_12librefit_lib4calc6wizard23validate_activity_level
FNDA:0,_RNvNtNtCskxb0fiIX3sM_12librefit_lib4calc6wizard24calculate_recommendation
FNDA:0,_RNvNtNtCskxb0fiIX3sM_12librefit_lib4calc6wizard25calculate_for_target_date
FNDA:0,_RNvNtNtCskxb0fiIX3sM_12librefit_lib4calc6wizard27calculate_for_target_weight
FNDA:0,_RNvNtNtCskxb0fiIX3sM_12librefit_lib4calc6wizard29calculate_duration_days_total
FNDA:0,_RNvNtNtCskxb0fiIX3sM_12librefit_lib4calc6wizard29calculate_target_weight_lower
FNDA:0,_RNvNtNtCskxb0fiIX3sM_12librefit_lib4calc6wizard29calculate_target_weight_upper
FNDA:0,_RNvNtNtCskxb0fiIX3sM_12librefit_lib4calc6wizard8validate
FNDA:0,_RNvNtNtCskxb0fiIX3sM_12librefit_lib4calc6wizard9calculate
FNF:21
FNH:21
DA:61,21
DA:62,21
DA:63,21
DA:64,21
DA:65,21
DA:66,21
DA:67,21
DA:68,21
DA:69,21
DA:70,21
DA:71,21
DA:72,21
DA:73,21
DA:74,21
DA:75,21
DA:76,21
DA:77,21
DA:78,21
DA:79,21
DA:80,21
DA:165,8
DA:166,8
DA:167,8
DA:169,9
DA:170,9
DA:171,9
DA:172,1
DA:174,9
DA:176,8
DA:177,8
DA:178,0
DA:180,8
DA:182,8
DA:183,8
DA:184,8
DA:185,8
DA:186,8
DA:189,8
DA:190,8
DA:191,8
DA:193,8
DA:194,8
DA:196,8
DA:197,8
DA:198,8
DA:200,8
DA:201,8
DA:202,8
DA:203,8
DA:204,8
DA:206,8
DA:208,8
DA:209,8
DA:210,8
DA:211,8
DA:212,8
DA:213,8
DA:214,8
DA:215,8
DA:216,8
DA:217,8
DA:218,8
DA:219,8
DA:220,8
DA:221,8
DA:222,8
DA:223,8
DA:224,8
DA:225,8
DA:227,8
DA:229,8
DA:232,8
DA:234,3
DA:235,3
DA:236,3
DA:237,3
DA:238,0
DA:240,3
DA:241,3
DA:242,3
DA:243,3
DA:245,3
DA:247,3
DA:248,3
DA:250,3
DA:251,3
DA:252,2
DA:254,1
DA:257,3
DA:259,3
DA:260,3
DA:261,21
DA:262,21
DA:263,21
DA:265,21
DA:266,21
DA:268,21
DA:269,21
DA:271,21
DA:273,14
DA:274,14
DA:276,0
DA:280,7
DA:281,0
DA:283,7
DA:285,0
DA:289,21
DA:290,3
DA:293,3
DA:294,0
DA:295,0
DA:297,0
DA:298,0
DA:299,0
DA:300,0
DA:305,0
DA:307,0
DA:308,0
DA:310,0
DA:311,0
DA:312,0
DA:313,0
DA:316,0
DA:317,3
DA:319,3
DA:320,3
DA:322,21
DA:323,21
DA:324,21
DA:325,21
DA:327,3
DA:328,3
DA:329,3
DA:330,3
DA:333,3
DA:335,9
DA:336,9
DA:337,9
DA:338,9
DA:339,0
DA:341,9
DA:342,9
DA:344,9
DA:345,9
DA:347,9
DA:348,4
DA:350,5
DA:353,9
DA:354,9
DA:358,9
DA:360,9
DA:361,2
DA:362,2
DA:363,1
DA:364,1
DA:365,1
DA:366,1
DA:367,0
DA:368,7
DA:369,2
DA:370,2
DA:371,1
DA:372,1
DA:373,1
DA:374,1
DA:375,0
DA:376,5
DA:377,2
DA:378,2
DA:379,1
DA:380,1
DA:381,1
DA:382,1
DA:383,0
DA:384,3
DA:386,9
DA:387,9
DA:389,9
DA:390,3
DA:392,24
DA:393,21
DA:394,21
DA:395,21
DA:396,21
DA:397,21
DA:398,21
DA:399,21
DA:400,21
DA:401,21
DA:402,6
DA:404,9
DA:405,9
DA:406,9
DA:407,9
DA:408,9
DA:409,9
DA:410,9
DA:413,9
DA:415,8
DA:416,8
DA:417,4
DA:419,4
DA:422,8
DA:424,8
DA:425,8
DA:426,8
DA:428,8
DA:429,8
DA:430,8
DA:432,8
DA:433,8
DA:434,1
DA:435,7
DA:437,8
DA:439,50
DA:440,50
DA:441,50
DA:443,50
DA:444,50
DA:446,50
DA:447,50
DA:448,45
DA:449,24
DA:450,11
DA:451,5
DA:453,50
DA:458,8
DA:459,8
DA:460,8
DA:462,8
DA:463,8
DA:464,8
DA:466,8
DA:467,8
DA:468,8
DA:470,8
DA:471,8
DA:472,8
DA:474,8
DA:475,8
DA:476,1
DA:477,1
DA:478,1
DA:479,1
DA:480,1
DA:481,1
DA:482,1
DA:483,1
DA:484,1
DA:485,1
DA:486,1
DA:487,1
DA:488,1
DA:489,1
DA:490,1
DA:491,1
DA:492,1
DA:493,7
DA:494,7
DA:495,7
DA:496,7
DA:497,7
DA:498,7
DA:499,7
DA:500,7
DA:501,7
DA:502,7
DA:503,7
DA:504,7
DA:505,7
DA:506,7
DA:507,7
DA:508,7
DA:509,7
DA:511,8
DA:513,24
DA:514,24
DA:515,24
DA:520,8
DA:521,8
DA:523,8
DA:524,2
DA:525,6
DA:528,0
DA:529,6
DA:531,1
DA:534,5
DA:536,8
BRF:0
BRH:0
LF:290
LH:266
end_of_record
SF:/Users/steff-man/Projects/librefit/src-tauri/src/db/connection.rs
FN:19,_RNvNtNtCs99Oc0knXXS8_12librefit_lib2db10connection11create_pool
FN:37,_RNvXNtNtCs99Oc0knXXS8_12librefit_lib2db10connectionNtB2_17ConnectionOptionsINtCsdS4sZgL4vFN_4r2d219CustomizeConnectionNtNtNtCs7M5B8tusgtg_6diesel6sqlite10connection16SqliteConnectionNtNtB1Y_4r2d25ErrorE10on_acquire
FN:19,_RNvNtNtCskxb0fiIX3sM_12librefit_lib2db10connection11create_pool
FN:37,_RNvXNtNtCskxb0fiIX3sM_12librefit_lib2db10connectionNtB2_17ConnectionOptionsINtCsdS4sZgL4vFN_4r2d219CustomizeConnectionNtNtNtCs7M5B8tusgtg_6diesel6sqlite10connection16SqliteConnectionNtNtB1Y_4r2d25ErrorE10on_acquire
FNDA:0,_RNvNtNtCs99Oc0knXXS8_12librefit_lib2db10connection11create_pool
FNDA:0,_RNvXNtNtCs99Oc0knXXS8_12librefit_lib2db10connectionNtB2_17ConnectionOptionsINtCsdS4sZgL4vFN_4r2d219CustomizeConnectionNtNtNtCs7M5B8tusgtg_6diesel6sqlite10connection16SqliteConnectionNtNtB1Y_4r2d25ErrorE10on_acquire
FNDA:0,_RNvNtNtCskxb0fiIX3sM_12librefit_lib2db10connection11create_pool
FNDA:0,_RNvXNtNtCskxb0fiIX3sM_12librefit_lib2db10connectionNtB2_17ConnectionOptionsINtCsdS4sZgL4vFN_4r2d219CustomizeConnectionNtNtNtCs7M5B8tusgtg_6diesel6sqlite10connection16SqliteConnectionNtNtB1Y_4r2d25ErrorE10on_acquire
FNF:2
FNH:0
DA:19,0
DA:20,0
DA:22,0
DA:24,0
DA:25,0
DA:26,0
DA:27,0
DA:28,0
DA:29,0
DA:30,0
DA:37,0
DA:43,0
DA:44,0
DA:45,0
DA:48,0
DA:49,0
DA:50,0
DA:54,0
DA:55,0
DA:56,0
DA:60,0
DA:61,0
DA:62,0
DA:64,0
DA:65,0
BRF:0
BRH:0
LF:25
LH:0
end_of_record
SF:/Users/steff-man/Projects/librefit/src-tauri/src/db/mod.rs
FN:21,_RNCINvXNtCs99Oc0knXXS8_12librefit_lib2dbINtNtCs8AAiN7pm6Jl_5tauri5state5StateINtCsdS4sZgL4vFN_4r2d24PoolINtNtCs7M5B8tusgtg_6diesel4r2d217ConnectionManagerNtNtNtB1J_6sqlite10connection16SqliteConnectionEEENtB5_10DbExecutor7executeINtNtCs1FLWZe5rD62_4core6option6OptionNtNtNtB7_7service4user9LibreUserENCNvB4j_8get_user0E0B7_
FN:21,_RNCINvXNtCs99Oc0knXXS8_12librefit_lib2dbINtNtCs8AAiN7pm6Jl_5tauri5state5StateINtCsdS4sZgL4vFN_4r2d24PoolINtNtCs7M5B8tusgtg_6diesel4r2d217ConnectionManagerNtNtNtB1J_6sqlite10connection16SqliteConnectionEEENtB5_10DbExecutor7executeINtNtCsk11oWLwBebd_5alloc3vec3VecNtNtB3K_6string6StringENCNvNtNtB7_7service6intake34get_calorie_tracker_dates_in_range0E0B7_
FN:21,_RNCINvXNtCs99Oc0knXXS8_12librefit_lib2dbINtNtCs8AAiN7pm6Jl_5tauri5state5StateINtCsdS4sZgL4vFN_4r2d24PoolINtNtCs7M5B8tusgtg_6diesel4r2d217ConnectionManagerNtNtNtB1J_6sqlite10connection16SqliteConnectionEEENtB5_10DbExecutor7executeINtNtCsk11oWLwBebd_5alloc3vec3VecNtNtNtB7_7service6intake12FoodCategoryENvMs0_B4e_B4c_3allE0B7_
FN:21,_RNCINvXNtCs99Oc0knXXS8_12librefit_lib2dbINtNtCs8AAiN7pm6Jl_5tauri5state5StateINtCsdS4sZgL4vFN_4r2d24PoolINtNtCs7M5B8tusgtg_6diesel4r2d217ConnectionManagerNtNtNtB1J_6sqlite10connection16SqliteConnectionEEENtB5_10DbExecutor7executeINtNtCsk11oWLwBebd_5alloc3vec3VecNtNtNtB7_7service6intake6IntakeENCNvB4e_34get_calorie_tracker_for_date_range0E0B7_
FN:21,_RNCINvXNtCs99Oc0knXXS8_12librefit_lib2dbINtNtCs8AAiN7pm6Jl_5tauri5state5StateINtCsdS4sZgL4vFN_4r2d24PoolINtNtCs7M5B8tusgtg_6diesel4r2d217ConnectionManagerNtNtNtB1J_6sqlite10connection16SqliteConnectionEEENtB5_10DbExecutor7executeINtNtCsk11oWLwBebd_5alloc3vec3VecNtNtNtB7_7service6weight12WeightTargetENvMs_B4e_B4c_3allE0B7_
FN:21,_RNCINvXNtCs99Oc0knXXS8_12librefit_lib2dbINtNtCs8AAiN7pm6Jl_5tauri5state5StateINtCsdS4sZgL4vFN_4r2d24PoolINtNtCs7M5B8tusgtg_6diesel4r2d217ConnectionManagerNtNtNtB1J_6sqlite10connection16SqliteConnectionEEENtB5_10DbExecutor7executeINtNtCsk11oWLwBebd_5alloc3vec3VecNtNtNtB7_7service6weight13WeightTrackerENCNvB4e_33get_weight_tracker_for_date_range0E0B7_
FN:21,_RNCINvXNtCs99Oc0knXXS8_12librefit_lib2dbINtNtCs8AAiN7pm6Jl_5tauri5state5StateINtCsdS4sZgL4vFN_4r2d24PoolINtNtCs7M5B8tusgtg_6diesel4r2d217ConnectionManagerNtNtNtB1J_6sqlite10connection16SqliteConnectionEEENtB5_10DbExecutor7executeNtNtNtB7_7service4body8BodyDataNCNvB3H_16update_body_data0E0B7_
FN:21,_RNCINvXNtCs99Oc0knXXS8_12librefit_lib2dbINtNtCs8AAiN7pm6Jl_5tauri5state5StateINtCsdS4sZgL4vFN_4r2d24PoolINtNtCs7M5B8tusgtg_6diesel4r2d217ConnectionManagerNtNtNtB1J_6sqlite10connection16SqliteConnectionEEENtB5_10DbExecutor7executeNtNtNtB7_7service4body8BodyDataNvMB3H_B3F_3getE0B7_
FN:21,_RNCINvXNtCs99Oc0knXXS8_12librefit_lib2dbINtNtCs8AAiN7pm6Jl_5tauri5state5StateINtCsdS4sZgL4vFN_4r2d24PoolINtNtCs7M5B8tusgtg_6diesel4r2d217ConnectionManagerNtNtNtB1J_6sqlite10connection16SqliteConnectionEEENtB5_10DbExecutor7executeNtNtNtB7_7service4user9LibreUserNCNvB3H_11update_user0E0B7_
FN:21,_RNCINvXNtCs99Oc0knXXS8_12librefit_lib2dbINtNtCs8AAiN7pm6Jl_5tauri5state5StateINtCsdS4sZgL4vFN_4r2d24PoolINtNtCs7M5B8tusgtg_6diesel4r2d217ConnectionManagerNtNtNtB1J_6sqlite10connection16SqliteConnectionEEENtB5_10DbExecutor7executeNtNtNtB7_7service6intake12IntakeTargetNCNvB3H_21create_calorie_target0E0B7_
FN:21,_RNCINvXNtCs99Oc0knXXS8_12librefit_lib2dbINtNtCs8AAiN7pm6Jl_5tauri5state5StateINtCsdS4sZgL4vFN_4r2d24PoolINtNtCs7M5B8tusgtg_6diesel4r2d217ConnectionManagerNtNtNtB1J_6sqlite10connection16SqliteConnectionEEENtB5_10DbExecutor7executeNtNtNtB7_7service6intake12IntakeTargetNvMs_B3H_B3F_9find_lastE0B7_
FN:21,_RNCINvXNtCs99Oc0knXXS8_12librefit_lib2dbINtNtCs8AAiN7pm6Jl_5tauri5state5StateINtCsdS4sZgL4vFN_4r2d24PoolINtNtCs7M5B8tusgtg_6diesel4r2d217ConnectionManagerNtNtNtB1J_6sqlite10connection16SqliteConnectionEEENtB5_10DbExecutor7executeNtNtNtB7_7service6intake6IntakeNCNvB3H_28create_calorie_tracker_entry0E0B7_
FN:21,_RNCINvXNtCs99Oc0knXXS8_12librefit_lib2dbINtNtCs8AAiN7pm6Jl_5tauri5state5StateINtCsdS4sZgL4vFN_4r2d24PoolINtNtCs7M5B8tusgtg_6diesel4r2d217ConnectionManagerNtNtNtB1J_6sqlite10connection16SqliteConnectionEEENtB5_10DbExecutor7executeNtNtNtB7_7service6intake6IntakeNCNvB3H_28update_calorie_tracker_entry0E0B7_
FN:21,_RNCINvXNtCs99Oc0knXXS8_12librefit_lib2dbINtNtCs8AAiN7pm6Jl_5tauri5state5StateINtCsdS4sZgL4vFN_4r2d24PoolINtNtCs7M5B8tusgtg_6diesel4r2d217ConnectionManagerNtNtNtB1J_6sqlite10connection16SqliteConnectionEEENtB5_10DbExecutor7executeNtNtNtB7_7service6weight12WeightTargetNCNvB3H_20create_weight_target0E0B7_
FN:21,_RNCINvXNtCs99Oc0knXXS8_12librefit_lib2dbINtNtCs8AAiN7pm6Jl_5tauri5state5StateINtCsdS4sZgL4vFN_4r2d24PoolINtNtCs7M5B8tusgtg_6diesel4r2d217ConnectionManagerNtNtNtB1J_6sqlite10connection16SqliteConnectionEEENtB5_10DbExecutor7executeNtNtNtB7_7service6weight12WeightTargetNCNvB3H_20update_weight_target0E0B7_
FN:21,_RNCINvXNtCs99Oc0knXXS8_12librefit_lib2dbINtNtCs8AAiN7pm6Jl_5tauri5state5StateINtCsdS4sZgL4vFN_4r2d24PoolINtNtCs7M5B8tusgtg_6diesel4r2d217ConnectionManagerNtNtNtB1J_6sqlite10connection16SqliteConnectionEEENtB5_10DbExecutor7executeNtNtNtB7_7service6weight12WeightTargetNvMs_B3H_B3F_10get_latestE0B7_
FN:21,_RNCINvXNtCs99Oc0knXXS8_12librefit_lib2dbINtNtCs8AAiN7pm6Jl_5tauri5state5StateINtCsdS4sZgL4vFN_4r2d24PoolINtNtCs7M5B8tusgtg_6diesel4r2d217ConnectionManagerNtNtNtB1J_6sqlite10connection16SqliteConnectionEEENtB5_10DbExecutor7executeNtNtNtB7_7service6weight13WeightTrackerNCNvB3H_27create_weight_tracker_entry0E0B7_
FN:21,_RNCINvXNtCs99Oc0knXXS8_12librefit_lib2dbINtNtCs8AAiN7pm6Jl_5tauri5state5StateINtCsdS4sZgL4vFN_4r2d24PoolINtNtCs7M5B8tusgtg_6diesel4r2d217ConnectionManagerNtNtNtB1J_6sqlite10connection16SqliteConnectionEEENtB5_10DbExecutor7executeNtNtNtB7_7service6weight13WeightTrackerNCNvB3H_27update_weight_tracker_entry0E0B7_
FN:21,_RNCINvXNtCs99Oc0knXXS8_12librefit_lib2dbINtNtCs8AAiN7pm6Jl_5tauri5state5StateINtCsdS4sZgL4vFN_4r2d24PoolINtNtCs7M5B8tusgtg_6diesel4r2d217ConnectionManagerNtNtNtB1J_6sqlite10connection16SqliteConnectionEEENtB5_10DbExecutor7executejNCNvNtNtB7_7service6intake28delete_calorie_tracker_entry0E0B7_
FN:21,_RNCINvXNtCs99Oc0knXXS8_12librefit_lib2dbINtNtCs8AAiN7pm6Jl_5tauri5state5StateINtCsdS4sZgL4vFN_4r2d24PoolINtNtCs7M5B8tusgtg_6diesel4r2d217ConnectionManagerNtNtNtB1J_6sqlite10connection16SqliteConnectionEEENtB5_10DbExecutor7executejNCNvNtNtB7_7service6weight20delete_weight_target0E0B7_
FN:21,_RNCINvXNtCs99Oc0knXXS8_12librefit_lib2dbINtNtCs8AAiN7pm6Jl_5tauri5state5StateINtCsdS4sZgL4vFN_4r2d24PoolINtNtCs7M5B8tusgtg_6diesel4r2d217ConnectionManagerNtNtNtB1J_6sqlite10connection16SqliteConnectionEEENtB5_10DbExecutor7executejNCNvNtNtB7_7service6weight27delete_weight_tracker_entry0E0B7_
FN:15,_RINvXNtCs99Oc0knXXS8_12librefit_lib2dbINtNtCs8AAiN7pm6Jl_5tauri5state5StateINtCsdS4sZgL4vFN_4r2d24PoolINtNtCs7M5B8tusgtg_6diesel4r2d217ConnectionManagerNtNtNtB1H_6sqlite10connection16SqliteConnectionEEENtB3_10DbExecutor7executeINtNtCs1FLWZe5rD62_4core6option6OptionNtNtNtB5_7service4user9LibreUserENCNvB4h_8get_user0EB5_
FN:15,_RINvXNtCs99Oc0knXXS8_12librefit_lib2dbINtNtCs8AAiN7pm6Jl_5tauri5state5StateINtCsdS4sZgL4vFN_4r2d24PoolINtNtCs7M5B8tusgtg_6diesel4r2d217ConnectionManagerNtNtNtB1H_6sqlite10connection16SqliteConnectionEEENtB3_10DbExecutor7executeINtNtCsk11oWLwBebd_5alloc3vec3VecNtNtB3I_6string6StringENCNvNtNtB5_7service6intake34get_calorie_tracker_dates_in_range0EB5_
FN:15,_RINvXNtCs99Oc0knXXS8_12librefit_lib2dbINtNtCs8AAiN7pm6Jl_5tauri5state5StateINtCsdS4sZgL4vFN_4r2d24PoolINtNtCs7M5B8tusgtg_6diesel4r2d217ConnectionManagerNtNtNtB1H_6sqlite10connection16SqliteConnectionEEENtB3_10DbExecutor7executeINtNtCsk11oWLwBebd_5alloc3vec3VecNtNtNtB5_7service6intake12FoodCategoryENvMs0_B4c_B4a_3allEB5_
FN:15,_RINvXNtCs99Oc0knXXS8_12librefit_lib2dbINtNtCs8AAiN7pm6Jl_5tauri5state5StateINtCsdS4sZgL4vFN_4r2d24PoolINtNtCs7M5B8tusgtg_6diesel4r2d217ConnectionManagerNtNtNtB1H_6sqlite10connection16SqliteConnectionEEENtB3_10DbExecutor7executeINtNtCsk11oWLwBebd_5alloc3vec3VecNtNtNtB5_7service6intake6IntakeENCNvB4c_34get_calorie_tracker_for_date_range0EB5_
FN:15,_RINvXNtCs99Oc0knXXS8_12librefit_lib2dbINtNtCs8AAiN7pm6Jl_5tauri5state5StateINtCsdS4sZgL4vFN_4r2d24PoolINtNtCs7M5B8tusgtg_6diesel4r2d217ConnectionManagerNtNtNtB1H_6sqlite10connection16SqliteConnectionEEENtB3_10DbExecutor7executeINtNtCsk11oWLwBebd_5alloc3vec3VecNtNtNtB5_7service6weight12WeightTargetENvMs_B4c_B4a_3allEB5_
FN:15,_RINvXNtCs99Oc0knXXS8_12librefit_lib2dbINtNtCs8AAiN7pm6Jl_5tauri5state5StateINtCsdS4sZgL4vFN_4r2d24PoolINtNtCs7M5B8tusgtg_6diesel4r2d217ConnectionManagerNtNtNtB1H_6sqlite10connection16SqliteConnectionEEENtB3_10DbExecutor7executeINtNtCsk11oWLwBebd_5alloc3vec3VecNtNtNtB5_7service6weight13WeightTrackerENCNvB4c_33get_weight_tracker_for_date_range0EB5_
FN:15,_RINvXNtCs99Oc0knXXS8_12librefit_lib2dbINtNtCs8AAiN7pm6Jl_5tauri5state5StateINtCsdS4sZgL4vFN_4r2d24PoolINtNtCs7M5B8tusgtg_6diesel4r2d217ConnectionManagerNtNtNtB1H_6sqlite10connection16SqliteConnectionEEENtB3_10DbExecutor7executeNtNtNtB5_7service4body8BodyDataNCNvB3F_16update_body_data0EB5_
FN:15,_RINvXNtCs99Oc0knXXS8_12librefit_lib2dbINtNtCs8AAiN7pm6Jl_5tauri5state5StateINtCsdS4sZgL4vFN_4r2d24PoolINtNtCs7M5B8tusgtg_6diesel4r2d217ConnectionManagerNtNtNtB1H_6sqlite10connection16SqliteConnectionEEENtB3_10DbExecutor7executeNtNtNtB5_7service4body8BodyDataNvMB3F_B3D_3getEB5_
FN:15,_RINvXNtCs99Oc0knXXS8_12librefit_lib2dbINtNtCs8AAiN7pm6Jl_5tauri5state5StateINtCsdS4sZgL4vFN_4r2d24PoolINtNtCs7M5B8tusgtg_6diesel4r2d217ConnectionManagerNtNtNtB1H_6sqlite10connection16SqliteConnectionEEENtB3_10DbExecutor7executeNtNtNtB5_7service4user9LibreUserNCNvB3F_11update_user0EB5_
FN:15,_RINvXNtCs99Oc0knXXS8_12librefit_lib2dbINtNtCs8AAiN7pm6Jl_5tauri5state5StateINtCsdS4sZgL4vFN_4r2d24PoolINtNtCs7M5B8tusgtg_6diesel4r2d217ConnectionManagerNtNtNtB1H_6sqlite10connection16SqliteConnectionEEENtB3_10DbExecutor7executeNtNtNtB5_7service6intake12IntakeTargetNCNvB3F_21create_calorie_target0EB5_
FN:15,_RINvXNtCs99Oc0knXXS8_12librefit_lib2dbINtNtCs8AAiN7pm6Jl_5tauri5state5StateINtCsdS4sZgL4vFN_4r2d24PoolINtNtCs7M5B8tusgtg_6diesel4r2d217ConnectionManagerNtNtNtB1H_6sqlite10connection16SqliteConnectionEEENtB3_10DbExecutor7executeNtNtNtB5_7service6intake12IntakeTargetNvMs_B3F_B3D_9find_lastEB5_
FN:15,_RINvXNtCs99Oc0knXXS8_12librefit_lib2dbINtNtCs8AAiN7pm6Jl_5tauri5state5StateINtCsdS4sZgL4vFN_4r2d24PoolINtNtCs7M5B8tusgtg_6diesel4r2d217ConnectionManagerNtNtNtB1H_6sqlite10connection16SqliteConnectionEEENtB3_10DbExecutor7executeNtNtNtB5_7service6intake6IntakeNCNvB3F_28create_calorie_tracker_entry0EB5_
FN:15,_RINvXNtCs99Oc0knXXS8_12librefit_lib2dbINtNtCs8AAiN7pm6Jl_5tauri5state5StateINtCsdS4sZgL4vFN_4r2d24PoolINtNtCs7M5B8tusgtg_6diesel4r2d217ConnectionManagerNtNtNtB1H_6sqlite10connection16SqliteConnectionEEENtB3_10DbExecutor7executeNtNtNtB5_7service6intake6IntakeNCNvB3F_28update_calorie_tracker_entry0EB5_
FN:15,_RINvXNtCs99Oc0knXXS8_12librefit_lib2dbINtNtCs8AAiN7pm6Jl_5tauri5state5StateINtCsdS4sZgL4vFN_4r2d24PoolINtNtCs7M5B8tusgtg_6diesel4r2d217ConnectionManagerNtNtNtB1H_6sqlite10connection16SqliteConnectionEEENtB3_10DbExecutor7executeNtNtNtB5_7service6weight12WeightTargetNCNvB3F_20create_weight_target0EB5_
FN:15,_RINvXNtCs99Oc0knXXS8_12librefit_lib2dbINtNtCs8AAiN7pm6Jl_5tauri5state5StateINtCsdS4sZgL4vFN_4r2d24PoolINtNtCs7M5B8tusgtg_6diesel4r2d217ConnectionManagerNtNtNtB1H_6sqlite10connection16SqliteConnectionEEENtB3_10DbExecutor7executeNtNtNtB5_7service6weight12WeightTargetNCNvB3F_20update_weight_target0EB5_
FN:15,_RINvXNtCs99Oc0knXXS8_12librefit_lib2dbINtNtCs8AAiN7pm6Jl_5tauri5state5StateINtCsdS4sZgL4vFN_4r2d24PoolINtNtCs7M5B8tusgtg_6diesel4r2d217ConnectionManagerNtNtNtB1H_6sqlite10connection16SqliteConnectionEEENtB3_10DbExecutor7executeNtNtNtB5_7service6weight12WeightTargetNvMs_B3F_B3D_10get_latestEB5_
FN:15,_RINvXNtCs99Oc0knXXS8_12librefit_lib2dbINtNtCs8AAiN7pm6Jl_5tauri5state5StateINtCsdS4sZgL4vFN_4r2d24PoolINtNtCs7M5B8tusgtg_6diesel4r2d217ConnectionManagerNtNtNtB1H_6sqlite10connection16SqliteConnectionEEENtB3_10DbExecutor7executeNtNtNtB5_7service6weight13WeightTrackerNCNvB3F_27create_weight_tracker_entry0EB5_
FN:15,_RINvXNtCs99Oc0knXXS8_12librefit_lib2dbINtNtCs8AAiN7pm6Jl_5tauri5state5StateINtCsdS4sZgL4vFN_4r2d24PoolINtNtCs7M5B8tusgtg_6diesel4r2d217ConnectionManagerNtNtNtB1H_6sqlite10connection16SqliteConnectionEEENtB3_10DbExecutor7executeNtNtNtB5_7service6weight13WeightTrackerNCNvB3F_27update_weight_tracker_entry0EB5_
FN:15,_RINvXNtCs99Oc0knXXS8_12librefit_lib2dbINtNtCs8AAiN7pm6Jl_5tauri5state5StateINtCsdS4sZgL4vFN_4r2d24PoolINtNtCs7M5B8tusgtg_6diesel4r2d217ConnectionManagerNtNtNtB1H_6sqlite10connection16SqliteConnectionEEENtB3_10DbExecutor7executejNCNvNtNtB5_7service6intake28delete_calorie_tracker_entry0EB5_
FN:15,_RINvXNtCs99Oc0knXXS8_12librefit_lib2dbINtNtCs8AAiN7pm6Jl_5tauri5state5StateINtCsdS4sZgL4vFN_4r2d24PoolINtNtCs7M5B8tusgtg_6diesel4r2d217ConnectionManagerNtNtNtB1H_6sqlite10connection16SqliteConnectionEEENtB3_10DbExecutor7executejNCNvNtNtB5_7service6weight20delete_weight_target0EB5_
FN:15,_RINvXNtCs99Oc0knXXS8_12librefit_lib2dbINtNtCs8AAiN7pm6Jl_5tauri5state5StateINtCsdS4sZgL4vFN_4r2d24PoolINtNtCs7M5B8tusgtg_6diesel4r2d217ConnectionManagerNtNtNtB1H_6sqlite10connection16SqliteConnectionEEENtB3_10DbExecutor7executejNCNvNtNtB5_7service6weight27delete_weight_tracker_entry0EB5_
FN:15,_RINvXNtCskxb0fiIX3sM_12librefit_lib2dbINtNtCs8AAiN7pm6Jl_5tauri5state5StateINtCsdS4sZgL4vFN_4r2d24PoolINtNtCs7M5B8tusgtg_6diesel4r2d217ConnectionManagerNtNtNtB1H_6sqlite10connection16SqliteConnectionEEENtB3_10DbExecutor7executeppEB5_
FN:21,_RNCINvXNtCskxb0fiIX3sM_12librefit_lib2dbINtNtCs8AAiN7pm6Jl_5tauri5state5StateINtCsdS4sZgL4vFN_4r2d24PoolINtNtCs7M5B8tusgtg_6diesel4r2d217ConnectionManagerNtNtNtB1J_6sqlite10connection16SqliteConnectionEEENtB5_10DbExecutor7executeppE0B7_
FNDA:0,_RNCINvXNtCs99Oc0knXXS8_12librefit_lib2dbINtNtCs8AAiN7pm6Jl_5tauri5state5StateINtCsdS4sZgL4vFN_4r2d24PoolINtNtCs7M5B8tusgtg_6diesel4r2d217ConnectionManagerNtNtNtB1J_6sqlite10connection16SqliteConnectionEEENtB5_10DbExecutor7executeINtNtCs1FLWZe5rD62_4core6option6OptionNtNtNtB7_7service4user9LibreUserENCNvB4j_8get_user0E0B7_
FNDA:0,_RNCINvXNtCs99Oc0knXXS8_12librefit_lib2dbINtNtCs8AAiN7pm6Jl_5tauri5state5StateINtCsdS4sZgL4vFN_4r2d24PoolINtNtCs7M5B8tusgtg_6diesel4r2d217ConnectionManagerNtNtNtB1J_6sqlite10connection16SqliteConnectionEEENtB5_10DbExecutor7executeINtNtCsk11oWLwBebd_5alloc3vec3VecNtNtB3K_6string6StringENCNvNtNtB7_7service6intake34get_calorie_tracker_dates_in_range0E0B7_
FNDA:0,_RNCINvXNtCs99Oc0knXXS8_12librefit_lib2dbINtNtCs8AAiN7pm6Jl_5tauri5state5StateINtCsdS4sZgL4vFN_4r2d24PoolINtNtCs7M5B8tusgtg_6diesel4r2d217ConnectionManagerNtNtNtB1J_6sqlite10connection16SqliteConnectionEEENtB5_10DbExecutor7executeINtNtCsk11oWLwBebd_5alloc3vec3VecNtNtNtB7_7service6intake12FoodCategoryENvMs0_B4e_B4c_3allE0B7_
FNDA:0,_RNCINvXNtCs99Oc0knXXS8_12librefit_lib2dbINtNtCs8AAiN7pm6Jl_5tauri5state5StateINtCsdS4sZgL4vFN_4r2d24PoolINtNtCs7M5B8tusgtg_6diesel4r2d217ConnectionManagerNtNtNtB1J_6sqlite10connection16SqliteConnectionEEENtB5_10DbExecutor7executeINtNtCsk11oWLwBebd_5alloc3vec3VecNtNtNtB7_7service6intake6IntakeENCNvB4e_34get_calorie_tracker_for_date_range0E0B7_
FNDA:0,_RNCINvXNtCs99Oc0knXXS8_12librefit_lib2dbINtNtCs8AAiN7pm6Jl_5tauri5state5StateINtCsdS4sZgL4vFN_4r2d24PoolINtNtCs7M5B8tusgtg_6diesel4r2d217ConnectionManagerNtNtNtB1J_6sqlite10connection16SqliteConnectionEEENtB5_10DbExecutor7executeINtNtCsk11oWLwBebd_5alloc3vec3VecNtNtNtB7_7service6weight12WeightTargetENvMs_B4e_B4c_3allE0B7_
FNDA:0,_RNCINvXNtCs99Oc0knXXS8_12librefit_lib2dbINtNtCs8AAiN7pm6Jl_5tauri5state5StateINtCsdS4sZgL4vFN_4r2d24PoolINtNtCs7M5B8tusgtg_6diesel4r2d217ConnectionManagerNtNtNtB1J_6sqlite10connection16SqliteConnectionEEENtB5_10DbExecutor7executeINtNtCsk11oWLwBebd_5alloc3vec3VecNtNtNtB7_7service6weight13WeightTrackerENCNvB4e_33get_weight_tracker_for_date_range0E0B7_
FNDA:0,_RNCINvXNtCs99Oc0knXXS8_12librefit_lib2dbINtNtCs8AAiN7pm6Jl_5tauri5state5StateINtCsdS4sZgL4vFN_4r2d24PoolINtNtCs7M5B8tusgtg_6diesel4r2d217ConnectionManagerNtNtNtB1J_6sqlite10connection16SqliteConnectionEEENtB5_10DbExecutor7executeNtNtNtB7_7service4body8BodyDataNCNvB3H_16update_body_data0E0B7_
FNDA:0,_RNCINvXNtCs99Oc0knXXS8_12librefit_lib2dbINtNtCs8AAiN7pm6Jl_5tauri5state5StateINtCsdS4sZgL4vFN_4r2d24PoolINtNtCs7M5B8tusgtg_6diesel4r2d217ConnectionManagerNtNtNtB1J_6sqlite10connection16SqliteConnectionEEENtB5_10DbExecutor7executeNtNtNtB7_7service4body8BodyDataNvMB3H_B3F_3getE0B7_
FNDA:0,_RNCINvXNtCs99Oc0knXXS8_12librefit_lib2dbINtNtCs8AAiN7pm6Jl_5tauri5state5StateINtCsdS4sZgL4vFN_4r2d24PoolINtNtCs7M5B8tusgtg_6diesel4r2d217ConnectionManagerNtNtNtB1J_6sqlite10connection16SqliteConnectionEEENtB5_10DbExecutor7executeNtNtNtB7_7service4user9LibreUserNCNvB3H_11update_user0E0B7_
FNDA:0,_RNCINvXNtCs99Oc0knXXS8_12librefit_lib2dbINtNtCs8AAiN7pm6Jl_5tauri5state5StateINtCsdS4sZgL4vFN_4r2d24PoolINtNtCs7M5B8tusgtg_6diesel4r2d217ConnectionManagerNtNtNtB1J_6sqlite10connection16SqliteConnectionEEENtB5_10DbExecutor7executeNtNtNtB7_7service6intake12IntakeTargetNCNvB3H_21create_calorie_target0E0B7_
FNDA:0,_RNCINvXNtCs99Oc0knXXS8_12librefit_lib2dbINtNtCs8AAiN7pm6Jl_5tauri5state5StateINtCsdS4sZgL4vFN_4r2d24PoolINtNtCs7M5B8tusgtg_6diesel4r2d217ConnectionManagerNtNtNtB1J_6sqlite10connection16SqliteConnectionEEENtB5_10DbExecutor7executeNtNtNtB7_7service6intake12IntakeTargetNvMs_B3H_B3F_9find_lastE0B7_
FNDA:0,_RNCINvXNtCs99Oc0knXXS8_12librefit_lib2dbINtNtCs8AAiN7pm6Jl_5tauri5state5StateINtCsdS4sZgL4vFN_4r2d24PoolINtNtCs7M5B8tusgtg_6diesel4r2d217ConnectionManagerNtNtNtB1J_6sqlite10connection16SqliteConnectionEEENtB5_10DbExecutor7executeNtNtNtB7_7service6intake6IntakeNCNvB3H_28create_calorie_tracker_entry0E0B7_
FNDA:0,_RNCINvXNtCs99Oc0knXXS8_12librefit_lib2dbINtNtCs8AAiN7pm6Jl_5tauri5state5StateINtCsdS4sZgL4vFN_4r2d24PoolINtNtCs7M5B8tusgtg_6diesel4r2d217ConnectionManagerNtNtNtB1J_6sqlite10connection16SqliteConnectionEEENtB5_10DbExecutor7executeNtNtNtB7_7service6intake6IntakeNCNvB3H_28update_calorie_tracker_entry0E0B7_
FNDA:0,_RNCINvXNtCs99Oc0knXXS8_12librefit_lib2dbINtNtCs8AAiN7pm6Jl_5tauri5state5StateINtCsdS4sZgL4vFN_4r2d24PoolINtNtCs7M5B8tusgtg_6diesel4r2d217ConnectionManagerNtNtNtB1J_6sqlite10connection16SqliteConnectionEEENtB5_10DbExecutor7executeNtNtNtB7_7service6weight12WeightTargetNCNvB3H_20create_weight_target0E0B7_
FNDA:0,_RNCINvXNtCs99Oc0knXXS8_12librefit_lib2dbINtNtCs8AAiN7pm6Jl_5tauri5state5StateINtCsdS4sZgL4vFN_4r2d24PoolINtNtCs7M5B8tusgtg_6diesel4r2d217ConnectionManagerNtNtNtB1J_6sqlite10connection16SqliteConnectionEEENtB5_10DbExecutor7executeNtNtNtB7_7service6weight12WeightTargetNCNvB3H_20update_weight_target0E0B7_
FNDA:0,_RNCINvXNtCs99Oc0knXXS8_12librefit_lib2dbINtNtCs8AAiN7pm6Jl_5tauri5state5StateINtCsdS4sZgL4vFN_4r2d24PoolINtNtCs7M5B8tusgtg_6diesel4r2d217ConnectionManagerNtNtNtB1J_6sqlite10connection16SqliteConnectionEEENtB5_10DbExecutor7executeNtNtNtB7_7service6weight12WeightTargetNvMs_B3H_B3F_10get_latestE0B7_
FNDA:0,_RNCINvXNtCs99Oc0knXXS8_12librefit_lib2dbINtNtCs8AAiN7pm6Jl_5tauri5state5StateINtCsdS4sZgL4vFN_4r2d24PoolINtNtCs7M5B8tusgtg_6diesel4r2d217ConnectionManagerNtNtNtB1J_6sqlite10connection16SqliteConnectionEEENtB5_10DbExecutor7executeNtNtNtB7_7service6weight13WeightTrackerNCNvB3H_27create_weight_tracker_entry0E0B7_
FNDA:0,_RNCINvXNtCs99Oc0knXXS8_12librefit_lib2dbINtNtCs8AAiN7pm6Jl_5tauri5state5StateINtCsdS4sZgL4vFN_4r2d24PoolINtNtCs7M5B8tusgtg_6diesel4r2d217ConnectionManagerNtNtNtB1J_6sqlite10connection16SqliteConnectionEEENtB5_10DbExecutor7executeNtNtNtB7_7service6weight13WeightTrackerNCNvB3H_27update_weight_tracker_entry0E0B7_
FNDA:0,_RNCINvXNtCs99Oc0knXXS8_12librefit_lib2dbINtNtCs8AAiN7pm6Jl_5tauri5state5StateINtCsdS4sZgL4vFN_4r2d24PoolINtNtCs7M5B8tusgtg_6diesel4r2d217ConnectionManagerNtNtNtB1J_6sqlite10connection16SqliteConnectionEEENtB5_10DbExecutor7executejNCNvNtNtB7_7service6intake28delete_calorie_tracker_entry0E0B7_
FNDA:0,_RNCINvXNtCs99Oc0knXXS8_12librefit_lib2dbINtNtCs8AAiN7pm6Jl_5tauri5state5StateINtCsdS4sZgL4vFN_4r2d24PoolINtNtCs7M5B8tusgtg_6diesel4r2d217ConnectionManagerNtNtNtB1J_6sqlite10connection16SqliteConnectionEEENtB5_10DbExecutor7executejNCNvNtNtB7_7service6weight20delete_weight_target0E0B7_
FNDA:0,_RNCINvXNtCs99Oc0knXXS8_12librefit_lib2dbINtNtCs8AAiN7pm6Jl_5tauri5state5StateINtCsdS4sZgL4vFN_4r2d24PoolINtNtCs7M5B8tusgtg_6diesel4r2d217ConnectionManagerNtNtNtB1J_6sqlite10connection16SqliteConnectionEEENtB5_10DbExecutor7executejNCNvNtNtB7_7service6weight27delete_weight_tracker_entry0E0B7_
FNDA:2,_RINvXNtCs99Oc0knXXS8_12librefit_lib2dbINtNtCs8AAiN7pm6Jl_5tauri5state5StateINtCsdS4sZgL4vFN_4r2d24PoolINtNtCs7M5B8tusgtg_6diesel4r2d217ConnectionManagerNtNtNtB1H_6sqlite10connection16SqliteConnectionEEENtB3_10DbExecutor7executeINtNtCs1FLWZe5rD62_4core6option6OptionNtNtNtB5_7service4user9LibreUserENCNvB4h_8get_user0EB5_
FNDA:1,_RINvXNtCs99Oc0knXXS8_12librefit_lib2dbINtNtCs8AAiN7pm6Jl_5tauri5state5StateINtCsdS4sZgL4vFN_4r2d24PoolINtNtCs7M5B8tusgtg_6diesel4r2d217ConnectionManagerNtNtNtB1H_6sqlite10connection16SqliteConnectionEEENtB3_10DbExecutor7executeINtNtCsk11oWLwBebd_5alloc3vec3VecNtNtB3I_6string6StringENCNvNtNtB5_7service6intake34get_calorie_tracker_dates_in_range0EB5_
FNDA:1,_RINvXNtCs99Oc0knXXS8_12librefit_lib2dbINtNtCs8AAiN7pm6Jl_5tauri5state5StateINtCsdS4sZgL4vFN_4r2d24PoolINtNtCs7M5B8tusgtg_6diesel4r2d217ConnectionManagerNtNtNtB1H_6sqlite10connection16SqliteConnectionEEENtB3_10DbExecutor7executeINtNtCsk11oWLwBebd_5alloc3vec3VecNtNtNtB5_7service6intake12FoodCategoryENvMs0_B4c_B4a_3allEB5_
FNDA:1,_RINvXNtCs99Oc0knXXS8_12librefit_lib2dbINtNtCs8AAiN7pm6Jl_5tauri5state5StateINtCsdS4sZgL4vFN_4r2d24PoolINtNtCs7M5B8tusgtg_6diesel4r2d217ConnectionManagerNtNtNtB1H_6sqlite10connection16SqliteConnectionEEENtB3_10DbExecutor7executeINtNtCsk11oWLwBebd_5alloc3vec3VecNtNtNtB5_7service6intake6IntakeENCNvB4c_34get_calorie_tracker_for_date_range0EB5_
FNDA:0,_RINvXNtCs99Oc0knXXS8_12librefit_lib2dbINtNtCs8AAiN7pm6Jl_5tauri5state5StateINtCsdS4sZgL4vFN_4r2d24PoolINtNtCs7M5B8tusgtg_6diesel4r2d217ConnectionManagerNtNtNtB1H_6sqlite10connection16SqliteConnectionEEENtB3_10DbExecutor7executeINtNtCsk11oWLwBebd_5alloc3vec3VecNtNtNtB5_7service6weight12WeightTargetENvMs_B4c_B4a_3allEB5_
FNDA:3,_RINvXNtCs99Oc0knXXS8_12librefit_lib2dbINtNtCs8AAiN7pm6Jl_5tauri5state5StateINtCsdS4sZgL4vFN_4r2d24PoolINtNtCs7M5B8tusgtg_6diesel4r2d217ConnectionManagerNtNtNtB1H_6sqlite10connection16SqliteConnectionEEENtB3_10DbExecutor7executeINtNtCsk11oWLwBebd_5alloc3vec3VecNtNtNtB5_7service6weight13WeightTrackerENCNvB4c_33get_weight_tracker_for_date_range0EB5_
FNDA:9,_RINvXNtCs99Oc0knXXS8_12librefit_lib2dbINtNtCs8AAiN7pm6Jl_5tauri5state5StateINtCsdS4sZgL4vFN_4r2d24PoolINtNtCs7M5B8tusgtg_6diesel4r2d217ConnectionManagerNtNtNtB1H_6sqlite10connection16SqliteConnectionEEENtB3_10DbExecutor7executeNtNtNtB5_7service4body8BodyDataNCNvB3F_16update_body_data0EB5_
FNDA:2,_RINvXNtCs99Oc0knXXS8_12librefit_lib2dbINtNtCs8AAiN7pm6Jl_5tauri5state5StateINtCsdS4sZgL4vFN_4r2d24PoolINtNtCs7M5B8tusgtg_6diesel4r2d217ConnectionManagerNtNtNtB1H_6sqlite10connection16SqliteConnectionEEENtB3_10DbExecutor7executeNtNtNtB5_7service4body8BodyDataNvMB3F_B3D_3getEB5_
FNDA:6,_RINvXNtCs99Oc0knXXS8_12librefit_lib2dbINtNtCs8AAiN7pm6Jl_5tauri5state5StateINtCsdS4sZgL4vFN_4r2d24PoolINtNtCs7M5B8tusgtg_6diesel4r2d217ConnectionManagerNtNtNtB1H_6sqlite10connection16SqliteConnectionEEENtB3_10DbExecutor7executeNtNtNtB5_7service4user9LibreUserNCNvB3F_11update_user0EB5_
FNDA:11,_RINvXNtCs99Oc0knXXS8_12librefit_lib2dbINtNtCs8AAiN7pm6Jl_5tauri5state5StateINtCsdS4sZgL4vFN_4r2d24PoolINtNtCs7M5B8tusgtg_6diesel4r2d217ConnectionManagerNtNtNtB1H_6sqlite10connection16SqliteConnectionEEENtB3_10DbExecutor7executeNtNtNtB5_7service6intake12IntakeTargetNCNvB3F_21create_calorie_target0EB5_
FNDA:2,_RINvXNtCs99Oc0knXXS8_12librefit_lib2dbINtNtCs8AAiN7pm6Jl_5tauri5state5StateINtCsdS4sZgL4vFN_4r2d24PoolINtNtCs7M5B8tusgtg_6diesel4r2d217ConnectionManagerNtNtNtB1H_6sqlite10connection16SqliteConnectionEEENtB3_10DbExecutor7executeNtNtNtB5_7service6intake12IntakeTargetNvMs_B3F_B3D_9find_lastEB5_
FNDA:33,_RINvXNtCs99Oc0knXXS8_12librefit_lib2dbINtNtCs8AAiN7pm6Jl_5tauri5state5StateINtCsdS4sZgL4vFN_4r2d24PoolINtNtCs7M5B8tusgtg_6diesel4r2d217ConnectionManagerNtNtNtB1H_6sqlite10connection16SqliteConnectionEEENtB3_10DbExecutor7executeNtNtNtB5_7service6intake6IntakeNCNvB3F_28create_calorie_tracker_entry0EB5_
FNDA:1,_RINvXNtCs99Oc0knXXS8_12librefit_lib2dbINtNtCs8AAiN7pm6Jl_5tauri5state5StateINtCsdS4sZgL4vFN_4r2d24PoolINtNtCs7M5B8tusgtg_6diesel4r2d217ConnectionManagerNtNtNtB1H_6sqlite10connection16SqliteConnectionEEENtB3_10DbExecutor7executeNtNtNtB5_7service6intake6IntakeNCNvB3F_28update_calorie_tracker_entry0EB5_
FNDA:9,_RINvXNtCs99Oc0knXXS8_12librefit_lib2dbINtNtCs8AAiN7pm6Jl_5tauri5state5StateINtCsdS4sZgL4vFN_4r2d24PoolINtNtCs7M5B8tusgtg_6diesel4r2d217ConnectionManagerNtNtNtB1H_6sqlite10connection16SqliteConnectionEEENtB3_10DbExecutor7executeNtNtNtB5_7service6weight12WeightTargetNCNvB3F_20create_weight_target0EB5_
FNDA:0,_RINvXNtCs99Oc0knXXS8_12librefit_lib2dbINtNtCs8AAiN7pm6Jl_5tauri5state5StateINtCsdS4sZgL4vFN_4r2d24PoolINtNtCs7M5B8tusgtg_6diesel4r2d217ConnectionManagerNtNtNtB1H_6sqlite10connection16SqliteConnectionEEENtB3_10DbExecutor7executeNtNtNtB5_7service6weight12WeightTargetNCNvB3F_20update_weight_target0EB5_
FNDA:0,_RINvXNtCs99Oc0knXXS8_12librefit_lib2dbINtNtCs8AAiN7pm6Jl_5tauri5state5StateINtCsdS4sZgL4vFN_4r2d24PoolINtNtCs7M5B8tusgtg_6diesel4r2d217ConnectionManagerNtNtNtB1H_6sqlite10connection16SqliteConnectionEEENtB3_10DbExecutor7executeNtNtNtB5_7service6weight12WeightTargetNvMs_B3F_B3D_10get_latestEB5_
FNDA:16,_RINvXNtCs99Oc0knXXS8_12librefit_lib2dbINtNtCs8AAiN7pm6Jl_5tauri5state5StateINtCsdS4sZgL4vFN_4r2d24PoolINtNtCs7M5B8tusgtg_6diesel4r2d217ConnectionManagerNtNtNtB1H_6sqlite10connection16SqliteConnectionEEENtB3_10DbExecutor7executeNtNtNtB5_7service6weight13WeightTrackerNCNvB3F_27create_weight_tracker_entry0EB5_
FNDA:1,_RINvXNtCs99Oc0knXXS8_12librefit_lib2dbINtNtCs8AAiN7pm6Jl_5tauri5state5StateINtCsdS4sZgL4vFN_4r2d24PoolINtNtCs7M5B8tusgtg_6diesel4r2d217ConnectionManagerNtNtNtB1H_6sqlite10connection16SqliteConnectionEEENtB3_10DbExecutor7executeNtNtNtB5_7service6weight13WeightTrackerNCNvB3F_27update_weight_tracker_entry0EB5_
FNDA:1,_RINvXNtCs99Oc0knXXS8_12librefit_lib2dbINtNtCs8AAiN7pm6Jl_5tauri5state5StateINtCsdS4sZgL4vFN_4r2d24PoolINtNtCs7M5B8tusgtg_6diesel4r2d217ConnectionManagerNtNtNtB1H_6sqlite10connection16SqliteConnectionEEENtB3_10DbExecutor7executejNCNvNtNtB5_7service6intake28delete_calorie_tracker_entry0EB5_
FNDA:0,_RINvXNtCs99Oc0knXXS8_12librefit_lib2dbINtNtCs8AAiN7pm6Jl_5tauri5state5StateINtCsdS4sZgL4vFN_4r2d24PoolINtNtCs7M5B8tusgtg_6diesel4r2d217ConnectionManagerNtNtNtB1H_6sqlite10connection16SqliteConnectionEEENtB3_10DbExecutor7executejNCNvNtNtB5_7service6weight20delete_weight_target0EB5_
FNDA:2,_RINvXNtCs99Oc0knXXS8_12librefit_lib2dbINtNtCs8AAiN7pm6Jl_5tauri5state5StateINtCsdS4sZgL4vFN_4r2d24PoolINtNtCs7M5B8tusgtg_6diesel4r2d217ConnectionManagerNtNtNtB1H_6sqlite10connection16SqliteConnectionEEENtB3_10DbExecutor7executejNCNvNtNtB5_7service6weight27delete_weight_tracker_entry0EB5_
FNDA:0,_RINvXNtCskxb0fiIX3sM_12librefit_lib2dbINtNtCs8AAiN7pm6Jl_5tauri5state5StateINtCsdS4sZgL4vFN_4r2d24PoolINtNtCs7M5B8tusgtg_6diesel4r2d217ConnectionManagerNtNtNtB1H_6sqlite10connection16SqliteConnectionEEENtB3_10DbExecutor7executeppEB5_
FNDA:0,_RNCINvXNtCskxb0fiIX3sM_12librefit_lib2dbINtNtCs8AAiN7pm6Jl_5tauri5state5StateINtCsdS4sZgL4vFN_4r2d24PoolINtNtCs7M5B8tusgtg_6diesel4r2d217ConnectionManagerNtNtNtB1J_6sqlite10connection16SqliteConnectionEEENtB5_10DbExecutor7executeppE0B7_
FNF:2
FNH:1
DA:15,101
DA:16,101
DA:17,101
DA:19,101
DA:20,101
DA:21,101
DA:22,101
DA:23,101
BRF:0
BRH:0
LF:9
LH:8
end_of_record
SF:/Users/steff-man/Projects/librefit/src-tauri/src/db/schema.rs
FN:47,_RNvXININtNtNtCs99Oc0knXXS8_12librefit_lib2db6schema10libre_users0_0pENtB5_5tableINtNtCs7M5B8tusgtg_6diesel13query_builder13QueryFragmentpE8walk_astBb_
FN:47,_RNvXININtNtNtCs99Oc0knXXS8_12librefit_lib2db6schema10libre_usersa_0ppENtB5_5tableINtNtNtNtCs7M5B8tusgtg_6diesel12query_source8aliasing18field_alias_mapper48FieldAliasMapperAssociatedTypesDisjointnessTrickB16_ppE3mapBb_
FN:47,_RNvXININtNtNtCs99Oc0knXXS8_12librefit_lib2db6schema10libre_usersc_0pppENtB5_5tableINtNtNtCs7M5B8tusgtg_6diesel12query_source5joins6JoinToINtB1l_4JoinpppEE11join_targetBb_
FN:47,_RNvXININtNtNtCs99Oc0knXXS8_12librefit_lib2db6schema10libre_usersd_0ppENtB5_5tableINtNtNtCs7M5B8tusgtg_6diesel12query_source5joins6JoinToINtB1k_6JoinOnppEE11join_targetBb_
FN:47,_RNvXININtNtNtCs99Oc0knXXS8_12librefit_lib2db6schema10libre_userse_0ppppppppENtB5_5tableINtNtNtCs7M5B8tusgtg_6diesel12query_source5joins6JoinToINtNtNtB1u_13query_builder16select_statement15SelectStatementINtNtB2l_11from_clause10FromClausepEpppppppEE11join_targetBb_
FN:47,_RNvXININtNtNtCs99Oc0knXXS8_12librefit_lib2db6schema10libre_usersf_0pppENtB5_5tableINtNtNtCs7M5B8tusgtg_6diesel12query_source5joins6JoinToINtNtNtNtB1p_13query_builder16select_statement5boxed20BoxedSelectStatementINtNtB2i_11from_clause10FromClausepEppEE11join_targetBb_
FN:47,_RNvXININtNtNtCs99Oc0knXXS8_12librefit_lib2db6schema10libre_usersg_0pENtB5_5tableINtNtNtCs7M5B8tusgtg_6diesel12query_source5joins6JoinToINtNtNtB1l_8aliasing5alias5AliaspEE11join_targetBb_
FN:47,_RNvXININtNtNtCs99Oc0knXXS8_12librefit_lib2db6schema10libre_usersh_0pENtB5_5tableINtNtCs7M5B8tusgtg_6diesel10insertable10InsertablepE6valuesBb_
FN:47,_RNvXININtNtNtCs99Oc0knXXS8_12librefit_lib2db6schema10libre_usersi_0pERNtB5_5tableINtNtCs7M5B8tusgtg_6diesel10insertable10InsertablepE6valuesBb_
FN:18,_RNvXININtNtNtCs99Oc0knXXS8_12librefit_lib2db6schema13food_categorys0_0pENtB5_5tableINtNtCs7M5B8tusgtg_6diesel13query_builder13QueryFragmentpE8walk_astBb_
FN:18,_RNvXININtNtNtCs99Oc0knXXS8_12librefit_lib2db6schema13food_categorysa_0ppENtB5_5tableINtNtNtNtCs7M5B8tusgtg_6diesel12query_source8aliasing18field_alias_mapper48FieldAliasMapperAssociatedTypesDisjointnessTrickB19_ppE3mapBb_
FN:18,_RNvXININtNtNtCs99Oc0knXXS8_12librefit_lib2db6schema13food_categorysc_0pppENtB5_5tableINtNtNtCs7M5B8tusgtg_6diesel12query_source5joins6JoinToINtB1o_4JoinpppEE11join_targetBb_
FN:18,_RNvXININtNtNtCs99Oc0knXXS8_12librefit_lib2db6schema13food_categorysd_0ppENtB5_5tableINtNtNtCs7M5B8tusgtg_6diesel12query_source5joins6JoinToINtB1n_6JoinOnppEE11join_targetBb_
FN:18,_RNvXININtNtNtCs99Oc0knXXS8_12librefit_lib2db6schema13food_categoryse_0ppppppppENtB5_5tableINtNtNtCs7M5B8tusgtg_6diesel12query_source5joins6JoinToINtNtNtB1x_13query_builder16select_statement15SelectStatementINtNtB2o_11from_clause10FromClausepEpppppppEE11join_targetBb_
FN:18,_RNvXININtNtNtCs99Oc0knXXS8_12librefit_lib2db6schema13food_categorysf_0pppENtB5_5tableINtNtNtCs7M5B8tusgtg_6diesel12query_source5joins6JoinToINtNtNtNtB1s_13query_builder16select_statement5boxed20BoxedSelectStatementINtNtB2l_11from_clause10FromClausepEppEE11join_targetBb_
FN:18,_RNvXININtNtNtCs99Oc0knXXS8_12librefit_lib2db6schema13food_categorysg_0pENtB5_5tableINtNtNtCs7M5B8tusgtg_6diesel12query_source5joins6JoinToINtNtNtB1o_8aliasing5alias5AliaspEE11join_targetBb_
FN:18,_RNvXININtNtNtCs99Oc0knXXS8_12librefit_lib2db6schema13food_categorysh_0pENtB5_5tableINtNtCs7M5B8tusgtg_6diesel10insertable10InsertablepE6valuesBb_
FN:18,_RNvXININtNtNtCs99Oc0knXXS8_12librefit_lib2db6schema13food_categorysi_0pERNtB5_5tableINtNtCs7M5B8tusgtg_6diesel10insertable10InsertablepE6valuesBb_
FN:39,_RNvXININtNtNtCs99Oc0knXXS8_12librefit_lib2db6schema13intake_targets0_0pENtB5_5tableINtNtCs7M5B8tusgtg_6diesel13query_builder13QueryFragmentpE8walk_astBb_
FN:39,_RNvXININtNtNtCs99Oc0knXXS8_12librefit_lib2db6schema13intake_targetsa_0ppENtB5_5tableINtNtNtNtCs7M5B8tusgtg_6diesel12query_source8aliasing18field_alias_mapper48FieldAliasMapperAssociatedTypesDisjointnessTrickB19_ppE3mapBb_
FN:39,_RNvXININtNtNtCs99Oc0knXXS8_12librefit_lib2db6schema13intake_targetsc_0pppENtB5_5tableINtNtNtCs7M5B8tusgtg_6diesel12query_source5joins6JoinToINtB1o_4JoinpppEE11join_targetBb_
FN:39,_RNvXININtNtNtCs99Oc0knXXS8_12librefit_lib2db6schema13intake_targetsd_0ppENtB5_5tableINtNtNtCs7M5B8tusgtg_6diesel12query_source5joins6JoinToINtB1n_6JoinOnppEE11join_targetBb_
FN:39,_RNvXININtNtNtCs99Oc0knXXS8_12librefit_lib2db6schema13intake_targetse_0ppppppppENtB5_5tableINtNtNtCs7M5B8tusgtg_6diesel12query_source5joins6JoinToINtNtNtB1x_13query_builder16select_statement15SelectStatementINtNtB2o_11from_clause10FromClausepEpppppppEE11join_targetBb_
FN:39,_RNvXININtNtNtCs99Oc0knXXS8_12librefit_lib2db6schema13intake_targetsf_0pppENtB5_5tableINtNtNtCs7M5B8tusgtg_6diesel12query_source5joins6JoinToINtNtNtNtB1s_13query_builder16select_statement5boxed20BoxedSelectStatementINtNtB2l_11from_clause10FromClausepEppEE11join_targetBb_
FN:39,_RNvXININtNtNtCs99Oc0knXXS8_12librefit_lib2db6schema13intake_targetsg_0pENtB5_5tableINtNtNtCs7M5B8tusgtg_6diesel12query_source5joins6JoinToINtNtNtB1o_8aliasing5alias5AliaspEE11join_targetBb_
FN:39,_RNvXININtNtNtCs99Oc0knXXS8_12librefit_lib2db6schema13intake_targetsh_0pENtB5_5tableINtNtCs7M5B8tusgtg_6diesel10insertable10InsertablepE6valuesBb_
FN:39,_RNvXININtNtNtCs99Oc0knXXS8_12librefit_lib2db6schema13intake_targetsi_0pERNtB5_5tableINtNtCs7M5B8tusgtg_6diesel10insertable10InsertablepE6valuesBb_
FN:58,_RNvXININtNtNtCs99Oc0knXXS8_12librefit_lib2db6schema13weight_targets0_0pENtB5_5tableINtNtCs7M5B8tusgtg_6diesel13query_builder13QueryFragmentpE8walk_astBb_
FN:58,_RNvXININtNtNtCs99Oc0knXXS8_12librefit_lib2db6schema13weight_targetsa_0ppENtB5_5tableINtNtNtNtCs7M5B8tusgtg_6diesel12query_source8aliasing18field_alias_mapper48FieldAliasMapperAssociatedTypesDisjointnessTrickB19_ppE3mapBb_
FN:58,_RNvXININtNtNtCs99Oc0knXXS8_12librefit_lib2db6schema13weight_targetsc_0pppENtB5_5tableINtNtNtCs7M5B8tusgtg_6diesel12query_source5joins6JoinToINtB1o_4JoinpppEE11join_targetBb_
FN:58,_RNvXININtNtNtCs99Oc0knXXS8_12librefit_lib2db6schema13weight_targetsd_0ppENtB5_5tableINtNtNtCs7M5B8tusgtg_6diesel12query_source5joins6JoinToINtB1n_6JoinOnppEE11join_targetBb_
FN:58,_RNvXININtNtNtCs99Oc0knXXS8_12librefit_lib2db6schema13weight_targetse_0ppppppppENtB5_5tableINtNtNtCs7M5B8tusgtg_6diesel12query_source5joins6JoinToINtNtNtB1x_13query_builder16select_statement15SelectStatementINtNtB2o_11from_clause10FromClausepEpppppppEE11join_targetBb_
FN:58,_RNvXININtNtNtCs99Oc0knXXS8_12librefit_lib2db6schema13weight_targetsf_0pppENtB5_5tableINtNtNtCs7M5B8tusgtg_6diesel12query_source5joins6JoinToINtNtNtNtB1s_13query_builder16select_statement5boxed20BoxedSelectStatementINtNtB2l_11from_clause10FromClausepEppEE11join_targetBb_
FN:58,_RNvXININtNtNtCs99Oc0knXXS8_12librefit_lib2db6schema13weight_targetsg_0pENtB5_5tableINtNtNtCs7M5B8tusgtg_6diesel12query_source5joins6JoinToINtNtNtB1o_8aliasing5alias5AliaspEE11join_targetBb_
FN:58,_RNvXININtNtNtCs99Oc0knXXS8_12librefit_lib2db6schema13weight_targetsh_0pENtB5_5tableINtNtCs7M5B8tusgtg_6diesel10insertable10InsertablepE6valuesBb_
FN:58,_RNvXININtNtNtCs99Oc0knXXS8_12librefit_lib2db6schema13weight_targetsi_0pERNtB5_5tableINtNtCs7M5B8tusgtg_6diesel10insertable10InsertablepE6valuesBb_
FN:66,_RNvXININtNtNtCs99Oc0knXXS8_12librefit_lib2db6schema14weight_trackers0_0pENtB5_5tableINtNtCs7M5B8tusgtg_6diesel13query_builder13QueryFragmentpE8walk_astBb_
FN:66,_RNvXININtNtNtCs99Oc0knXXS8_12librefit_lib2db6schema14weight_trackersa_0ppENtB5_5tableINtNtNtNtCs7M5B8tusgtg_6diesel12query_source8aliasing18field_alias_mapper48FieldAliasMapperAssociatedTypesDisjointnessTrickB1a_ppE3mapBb_
FN:66,_RNvXININtNtNtCs99Oc0knXXS8_12librefit_lib2db6schema14weight_trackersc_0pppENtB5_5tableINtNtNtCs7M5B8tusgtg_6diesel12query_source5joins6JoinToINtB1p_4JoinpppEE11join_targetBb_
FN:66,_RNvXININtNtNtCs99Oc0knXXS8_12librefit_lib2db6schema14weight_trackersd_0ppENtB5_5tableINtNtNtCs7M5B8tusgtg_6diesel12query_source5joins6JoinToINtB1o_6JoinOnppEE11join_targetBb_
FN:66,_RNvXININtNtNtCs99Oc0knXXS8_12librefit_lib2db6schema14weight_trackerse_0ppppppppENtB5_5tableINtNtNtCs7M5B8tusgtg_6diesel12query_source5joins6JoinToINtNtNtB1y_13query_builder16select_statement15SelectStatementINtNtB2p_11from_clause10FromClausepEpppppppEE11join_targetBb_
FN:66,_RNvXININtNtNtCs99Oc0knXXS8_12librefit_lib2db6schema14weight_trackersf_0pppENtB5_5tableINtNtNtCs7M5B8tusgtg_6diesel12query_source5joins6JoinToINtNtNtNtB1t_13query_builder16select_statement5boxed20BoxedSelectStatementINtNtB2m_11from_clause10FromClausepEppEE11join_targetBb_
FN:66,_RNvXININtNtNtCs99Oc0knXXS8_12librefit_lib2db6schema14weight_trackersg_0pENtB5_5tableINtNtNtCs7M5B8tusgtg_6diesel12query_source5joins6JoinToINtNtNtB1p_8aliasing5alias5AliaspEE11join_targetBb_
FN:66,_RNvXININtNtNtCs99Oc0knXXS8_12librefit_lib2db6schema14weight_trackersh_0pENtB5_5tableINtNtCs7M5B8tusgtg_6diesel10insertable10InsertablepE6valuesBb_
FN:66,_RNvXININtNtNtCs99Oc0knXXS8_12librefit_lib2db6schema14weight_trackersi_0pERNtB5_5tableINtNtCs7M5B8tusgtg_6diesel10insertable10InsertablepE6valuesBb_
FN:28,_RNvXININtNtNtCs99Oc0knXXS8_12librefit_lib2db6schema6intakes0_0pENtB5_5tableINtNtCs7M5B8tusgtg_6diesel13query_builder13QueryFragmentpE8walk_astBb_
FN:28,_RNvXININtNtNtCs99Oc0knXXS8_12librefit_lib2db6schema6intakesa_0ppENtB5_5tableINtNtNtNtCs7M5B8tusgtg_6diesel12query_source8aliasing18field_alias_mapper48FieldAliasMapperAssociatedTypesDisjointnessTrickB11_ppE3mapBb_
FN:28,_RNvXININtNtNtCs99Oc0knXXS8_12librefit_lib2db6schema6intakesc_0pppENtB5_5tableINtNtNtCs7M5B8tusgtg_6diesel12query_source5joins6JoinToINtB1g_4JoinpppEE11join_targetBb_
FN:28,_RNvXININtNtNtCs99Oc0knXXS8_12librefit_lib2db6schema6intakesd_0ppENtB5_5tableINtNtNtCs7M5B8tusgtg_6diesel12query_source5joins6JoinToINtB1f_6JoinOnppEE11join_targetBb_
FN:28,_RNvXININtNtNtCs99Oc0knXXS8_12librefit_lib2db6schema6intakese_0ppppppppENtB5_5tableINtNtNtCs7M5B8tusgtg_6diesel12query_source5joins6JoinToINtNtNtB1p_13query_builder16select_statement15SelectStatementINtNtB2g_11from_clause10FromClausepEpppppppEE11join_targetBb_
FN:28,_RNvXININtNtNtCs99Oc0knXXS8_12librefit_lib2db6schema6intakesf_0pppENtB5_5tableINtNtNtCs7M5B8tusgtg_6diesel12query_source5joins6JoinToINtNtNtNtB1k_13query_builder16select_statement5boxed20BoxedSelectStatementINtNtB2d_11from_clause10FromClausepEppEE11join_targetBb_
FN:28,_RNvXININtNtNtCs99Oc0knXXS8_12librefit_lib2db6schema6intakesg_0pENtB5_5tableINtNtNtCs7M5B8tusgtg_6diesel12query_source5joins6JoinToINtNtNtB1g_8aliasing5alias5AliaspEE11join_targetBb_
FN:28,_RNvXININtNtNtCs99Oc0knXXS8_12librefit_lib2db6schema6intakesh_0pENtB5_5tableINtNtCs7M5B8tusgtg_6diesel10insertable10InsertablepE6valuesBb_
FN:28,_RNvXININtNtNtCs99Oc0knXXS8_12librefit_lib2db6schema6intakesi_0pERNtB5_5tableINtNtCs7M5B8tusgtg_6diesel10insertable10InsertablepE6valuesBb_
FN:11,_RNvXININtNtNtCs99Oc0knXXS8_12librefit_lib2db6schema9body_datas0_0pENtB5_5tableINtNtCs7M5B8tusgtg_6diesel13query_builder13QueryFragmentpE8walk_astBb_
FN:11,_RNvXININtNtNtCs99Oc0knXXS8_12librefit_lib2db6schema9body_datasa_0ppENtB5_5tableINtNtNtNtCs7M5B8tusgtg_6diesel12query_source8aliasing18field_alias_mapper48FieldAliasMapperAssociatedTypesDisjointnessTrickB14_ppE3mapBb_
FN:11,_RNvXININtNtNtCs99Oc0knXXS8_12librefit_lib2db6schema9body_datasc_0pppENtB5_5tableINtNtNtCs7M5B8tusgtg_6diesel12query_source5joins6JoinToINtB1j_4JoinpppEE11join_targetBb_
FN:11,_RNvXININtNtNtCs99Oc0knXXS8_12librefit_lib2db6schema9body_datasd_0ppENtB5_5tableINtNtNtCs7M5B8tusgtg_6diesel12query_source5joins6JoinToINtB1i_6JoinOnppEE11join_targetBb_
FN:11,_RNvXININtNtNtCs99Oc0knXXS8_12librefit_lib2db6schema9body_datase_0ppppppppENtB5_5tableINtNtNtCs7M5B8tusgtg_6diesel12query_source5joins6JoinToINtNtNtB1s_13query_builder16select_statement15SelectStatementINtNtB2j_11from_clause10FromClausepEpppppppEE11join_targetBb_
FN:11,_RNvXININtNtNtCs99Oc0knXXS8_12librefit_lib2db6schema9body_datasf_0pppENtB5_5tableINtNtNtCs7M5B8tusgtg_6diesel12query_source5joins6JoinToINtNtNtNtB1n_13query_builder16select_statement5boxed20BoxedSelectStatementINtNtB2g_11from_clause10FromClausepEppEE11join_targetBb_
FN:11,_RNvXININtNtNtCs99Oc0knXXS8_12librefit_lib2db6schema9body_datasg_0pENtB5_5tableINtNtNtCs7M5B8tusgtg_6diesel12query_source5joins6JoinToINtNtNtB1j_8aliasing5alias5AliaspEE11join_targetBb_
FN:11,_RNvXININtNtNtCs99Oc0knXXS8_12librefit_lib2db6schema9body_datash_0pENtB5_5tableINtNtCs7M5B8tusgtg_6diesel10insertable10InsertablepE6valuesBb_
FN:11,_RNvXININtNtNtCs99Oc0knXXS8_12librefit_lib2db6schema9body_datasi_0pERNtB5_5tableINtNtCs7M5B8tusgtg_6diesel10insertable10InsertablepE6valuesBb_
FN:47,_RNvXININtNtNtNtCs99Oc0knXXS8_12librefit_lib2db6schema10libre_user7columnss0_0pENtB5_4starINtNtCs7M5B8tusgtg_6diesel13query_builder13QueryFragmentpE8walk_astBd_
FN:47,_RNvXININtNtNtNtCs99Oc0knXXS8_12librefit_lib2db6schema10libre_user7columnssg_0pENtB5_2idINtNtNtCs1FLWZe5rD62_4core3ops5arith3AddpE3addBd_
FN:47,_RNvXININtNtNtNtCs99Oc0knXXS8_12librefit_lib2db6schema10libre_user7columnssh_0pENtB5_2idINtNtNtCs1FLWZe5rD62_4core3ops5arith3SubpE3subBd_
FN:47,_RNvXININtNtNtNtCs99Oc0knXXS8_12librefit_lib2db6schema10libre_user7columnssi_0pENtB5_2idINtNtNtCs1FLWZe5rD62_4core3ops5arith3DivpE3divBd_
FN:47,_RNvXININtNtNtNtCs99Oc0knXXS8_12librefit_lib2db6schema10libre_user7columnssj_0pENtB5_2idINtNtNtCs1FLWZe5rD62_4core3ops5arith3MulpE3mulBd_
FN:18,_RNvXININtNtNtNtCs99Oc0knXXS8_12librefit_lib2db6schema13food_category7columnss0_0pENtB5_4starINtNtCs7M5B8tusgtg_6diesel13query_builder13QueryFragmentpE8walk_astBd_
FN:39,_RNvXININtNtNtNtCs99Oc0knXXS8_12librefit_lib2db6schema13intake_target7columnss0_0pENtB5_4starINtNtCs7M5B8tusgtg_6diesel13query_builder13QueryFragmentpE8walk_astBd_
FN:39,_RNvXININtNtNtNtCs99Oc0knXXS8_12librefit_lib2db6schema13intake_target7columnss10_0pENtB5_16maximum_caloriesINtNtNtCs1FLWZe5rD62_4core3ops5arith3MulpE3mulBd_
FN:39,_RNvXININtNtNtNtCs99Oc0knXXS8_12librefit_lib2db6schema13intake_target7columnss1r_0pENtB5_15target_caloriesINtNtNtCs1FLWZe5rD62_4core3ops5arith3AddpE3addBd_
FN:39,_RNvXININtNtNtNtCs99Oc0knXXS8_12librefit_lib2db6schema13intake_target7columnss1s_0pENtB5_15target_caloriesINtNtNtCs1FLWZe5rD62_4core3ops5arith3SubpE3subBd_
FN:39,_RNvXININtNtNtNtCs99Oc0knXXS8_12librefit_lib2db6schema13intake_target7columnss1t_0pENtB5_15target_caloriesINtNtNtCs1FLWZe5rD62_4core3ops5arith3DivpE3divBd_
FN:39,_RNvXININtNtNtNtCs99Oc0knXXS8_12librefit_lib2db6schema13intake_target7columnss1u_0pENtB5_15target_caloriesINtNtNtCs1FLWZe5rD62_4core3ops5arith3MulpE3mulBd_
FN:39,_RNvXININtNtNtNtCs99Oc0knXXS8_12librefit_lib2db6schema13intake_target7columnssX_0pENtB5_16maximum_caloriesINtNtNtCs1FLWZe5rD62_4core3ops5arith3AddpE3addBd_
FN:39,_RNvXININtNtNtNtCs99Oc0knXXS8_12librefit_lib2db6schema13intake_target7columnssY_0pENtB5_16maximum_caloriesINtNtNtCs1FLWZe5rD62_4core3ops5arith3SubpE3subBd_
FN:39,_RNvXININtNtNtNtCs99Oc0knXXS8_12librefit_lib2db6schema13intake_target7columnssZ_0pENtB5_16maximum_caloriesINtNtNtCs1FLWZe5rD62_4core3ops5arith3DivpE3divBd_
FN:39,_RNvXININtNtNtNtCs99Oc0knXXS8_12librefit_lib2db6schema13intake_target7columnssg_0pENtB5_2idINtNtNtCs1FLWZe5rD62_4core3ops5arith3AddpE3addBd_
FN:39,_RNvXININtNtNtNtCs99Oc0knXXS8_12librefit_lib2db6schema13intake_target7columnssh_0pENtB5_2idINtNtNtCs1FLWZe5rD62_4core3ops5arith3SubpE3subBd_
FN:39,_RNvXININtNtNtNtCs99Oc0knXXS8_12librefit_lib2db6schema13intake_target7columnssi_0pENtB5_2idINtNtNtCs1FLWZe5rD62_4core3ops5arith3DivpE3divBd_
FN:39,_RNvXININtNtNtNtCs99Oc0knXXS8_12librefit_lib2db6schema13intake_target7columnssj_0pENtB5_2idINtNtNtCs1FLWZe5rD62_4core3ops5arith3MulpE3mulBd_
FN:58,_RNvXININtNtNtNtCs99Oc0knXXS8_12librefit_lib2db6schema13weight_target7columnss0_0pENtB5_4starINtNtCs7M5B8tusgtg_6diesel13query_builder13QueryFragmentpE8walk_astBd_
FN:58,_RNvXININtNtNtNtCs99Oc0knXXS8_12librefit_lib2db6schema13weight_target7columnss10_0pENtB5_14initial_weightINtNtNtCs1FLWZe5rD62_4core3ops5arith3MulpE3mulBd_
FN:58,_RNvXININtNtNtNtCs99Oc0knXXS8_12librefit_lib2db6schema13weight_target7columnss1r_0pENtB5_13target_weightINtNtNtCs1FLWZe5rD62_4core3ops5arith3AddpE3addBd_
FN:58,_RNvXININtNtNtNtCs99Oc0knXXS8_12librefit_lib2db6schema13weight_target7columnss1s_0pENtB5_13target_weightINtNtNtCs1FLWZe5rD62_4core3ops5arith3SubpE3subBd_
FN:58,_RNvXININtNtNtNtCs99Oc0knXXS8_12librefit_lib2db6schema13weight_target7columnss1t_0pENtB5_13target_weightINtNtNtCs1FLWZe5rD62_4core3ops5arith3DivpE3divBd_
FN:58,_RNvXININtNtNtNtCs99Oc0knXXS8_12librefit_lib2db6schema13weight_target7columnss1u_0pENtB5_13target_weightINtNtNtCs1FLWZe5rD62_4core3ops5arith3MulpE3mulBd_
FN:58,_RNvXININtNtNtNtCs99Oc0knXXS8_12librefit_lib2db6schema13weight_target7columnssX_0pENtB5_14initial_weightINtNtNtCs1FLWZe5rD62_4core3ops5arith3AddpE3addBd_
FN:58,_RNvXININtNtNtNtCs99Oc0knXXS8_12librefit_lib2db6schema13weight_target7columnssY_0pENtB5_14initial_weightINtNtNtCs1FLWZe5rD62_4core3ops5arith3SubpE3subBd_
FN:58,_RNvXININtNtNtNtCs99Oc0knXXS8_12librefit_lib2db6schema13weight_target7columnssZ_0pENtB5_14initial_weightINtNtNtCs1FLWZe5rD62_4core3ops5arith3DivpE3divBd_
FN:58,_RNvXININtNtNtNtCs99Oc0knXXS8_12librefit_lib2db6schema13weight_target7columnssg_0pENtB5_2idINtNtNtCs1FLWZe5rD62_4core3ops5arith3AddpE3addBd_
FN:58,_RNvXININtNtNtNtCs99Oc0knXXS8_12librefit_lib2db6schema13weight_target7columnssh_0pENtB5_2idINtNtNtCs1FLWZe5rD62_4core3ops5arith3SubpE3subBd_
FN:58,_RNvXININtNtNtNtCs99Oc0knXXS8_12librefit_lib2db6schema13weight_target7columnssi_0pENtB5_2idINtNtNtCs1FLWZe5rD62_4core3ops5arith3DivpE3divBd_
FN:58,_RNvXININtNtNtNtCs99Oc0knXXS8_12librefit_lib2db6schema13weight_target7columnssj_0pENtB5_2idINtNtNtCs1FLWZe5rD62_4core3ops5arith3MulpE3mulBd_
FN:66,_RNvXININtNtNtNtCs99Oc0knXXS8_12librefit_lib2db6schema14weight_tracker7columnss0_0pENtB5_4starINtNtCs7M5B8tusgtg_6diesel13query_builder13QueryFragmentpE8walk_astBd_
FN:66,_RNvXININtNtNtNtCs99Oc0knXXS8_12librefit_lib2db6schema14weight_tracker7columnssK_0pENtB5_6amountINtNtNtCs1FLWZe5rD62_4core3ops5arith3AddpE3addBd_
FN:66,_RNvXININtNtNtNtCs99Oc0knXXS8_12librefit_lib2db6schema14weight_tracker7columnssL_0pENtB5_6amountINtNtNtCs1FLWZe5rD62_4core3ops5arith3SubpE3subBd_
FN:66,_RNvXININtNtNtNtCs99Oc0knXXS8_12librefit_lib2db6schema14weight_tracker7columnssM_0pENtB5_6amountINtNtNtCs1FLWZe5rD62_4core3ops5arith3DivpE3divBd_
FN:66,_RNvXININtNtNtNtCs99Oc0knXXS8_12librefit_lib2db6schema14weight_tracker7columnssN_0pENtB5_6amountINtNtNtCs1FLWZe5rD62_4core3ops5arith3MulpE3mulBd_
FN:66,_RNvXININtNtNtNtCs99Oc0knXXS8_12librefit_lib2db6schema14weight_tracker7columnssg_0pENtB5_2idINtNtNtCs1FLWZe5rD62_4core3ops5arith3AddpE3addBd_
FN:66,_RNvXININtNtNtNtCs99Oc0knXXS8_12librefit_lib2db6schema14weight_tracker7columnssh_0pENtB5_2idINtNtNtCs1FLWZe5rD62_4core3ops5arith3SubpE3subBd_
FN:66,_RNvXININtNtNtNtCs99Oc0knXXS8_12librefit_lib2db6schema14weight_tracker7columnssi_0pENtB5_2idINtNtNtCs1FLWZe5rD62_4core3ops5arith3DivpE3divBd_
FN:66,_RNvXININtNtNtNtCs99Oc0knXXS8_12librefit_lib2db6schema14weight_tracker7columnssj_0pENtB5_2idINtNtNtCs1FLWZe5rD62_4core3ops5arith3MulpE3mulBd_
FN:28,_RNvXININtNtNtNtCs99Oc0knXXS8_12librefit_lib2db6schema6intake7columnss0_0pENtB5_4starINtNtCs7M5B8tusgtg_6diesel13query_builder13QueryFragmentpE8walk_astBd_
FN:28,_RNvXININtNtNtNtCs99Oc0knXXS8_12librefit_lib2db6schema6intake7columnssK_0pENtB5_6amountINtNtNtCs1FLWZe5rD62_4core3ops5arith3AddpE3addBd_
FN:28,_RNvXININtNtNtNtCs99Oc0knXXS8_12librefit_lib2db6schema6intake7columnssL_0pENtB5_6amountINtNtNtCs1FLWZe5rD62_4core3ops5arith3SubpE3subBd_
FN:28,_RNvXININtNtNtNtCs99Oc0knXXS8_12librefit_lib2db6schema6intake7columnssM_0pENtB5_6amountINtNtNtCs1FLWZe5rD62_4core3ops5arith3DivpE3divBd_
FN:28,_RNvXININtNtNtNtCs99Oc0knXXS8_12librefit_lib2db6schema6intake7columnssN_0pENtB5_6amountINtNtNtCs1FLWZe5rD62_4core3ops5arith3MulpE3mulBd_
FN:28,_RNvXININtNtNtNtCs99Oc0knXXS8_12librefit_lib2db6schema6intake7columnssg_0pENtB5_2idINtNtNtCs1FLWZe5rD62_4core3ops5arith3AddpE3addBd_
FN:28,_RNvXININtNtNtNtCs99Oc0knXXS8_12librefit_lib2db6schema6intake7columnssh_0pENtB5_2idINtNtNtCs1FLWZe5rD62_4core3ops5arith3SubpE3subBd_
FN:28,_RNvXININtNtNtNtCs99Oc0knXXS8_12librefit_lib2db6schema6intake7columnssi_0pENtB5_2idINtNtNtCs1FLWZe5rD62_4core3ops5arith3DivpE3divBd_
FN:28,_RNvXININtNtNtNtCs99Oc0knXXS8_12librefit_lib2db6schema6intake7columnssj_0pENtB5_2idINtNtNtCs1FLWZe5rD62_4core3ops5arith3MulpE3mulBd_
FN:11,_RNvXININtNtNtNtCs99Oc0knXXS8_12librefit_lib2db6schema9body_data7columnss0_0pENtB5_4starINtNtCs7M5B8tusgtg_6diesel13query_builder13QueryFragmentpE8walk_astBd_
FN:11,_RNvXININtNtNtNtCs99Oc0knXXS8_12librefit_lib2db6schema9body_data7columnss15_0pENtB5_6weightINtNtNtCs1FLWZe5rD62_4core3ops5arith3AddpE3addBd_
FN:11,_RNvXININtNtNtNtCs99Oc0knXXS8_12librefit_lib2db6schema9body_data7columnss16_0pENtB5_6weightINtNtNtCs1FLWZe5rD62_4core3ops5arith3SubpE3subBd_
FN:11,_RNvXININtNtNtNtCs99Oc0knXXS8_12librefit_lib2db6schema9body_data7columnss17_0pENtB5_6weightINtNtNtCs1FLWZe5rD62_4core3ops5arith3DivpE3divBd_
FN:11,_RNvXININtNtNtNtCs99Oc0knXXS8_12librefit_lib2db6schema9body_data7columnss18_0pENtB5_6weightINtNtNtCs1FLWZe5rD62_4core3ops5arith3MulpE3mulBd_
FN:11,_RNvXININtNtNtNtCs99Oc0knXXS8_12librefit_lib2db6schema9body_data7columnssA_0pENtB5_3ageINtNtNtCs1FLWZe5rD62_4core3ops5arith3MulpE3mulBd_
FN:11,_RNvXININtNtNtNtCs99Oc0knXXS8_12librefit_lib2db6schema9body_data7columnssO_0pENtB5_6heightINtNtNtCs1FLWZe5rD62_4core3ops5arith3AddpE3addBd_
FN:11,_RNvXININtNtNtNtCs99Oc0knXXS8_12librefit_lib2db6schema9body_data7columnssP_0pENtB5_6heightINtNtNtCs1FLWZe5rD62_4core3ops5arith3SubpE3subBd_
FN:11,_RNvXININtNtNtNtCs99Oc0knXXS8_12librefit_lib2db6schema9body_data7columnssQ_0pENtB5_6heightINtNtNtCs1FLWZe5rD62_4core3ops5arith3DivpE3divBd_
FN:11,_RNvXININtNtNtNtCs99Oc0knXXS8_12librefit_lib2db6schema9body_data7columnssR_0pENtB5_6heightINtNtNtCs1FLWZe5rD62_4core3ops5arith3MulpE3mulBd_
FN:11,_RNvXININtNtNtNtCs99Oc0knXXS8_12librefit_lib2db6schema9body_data7columnssg_0pENtB5_2idINtNtNtCs1FLWZe5rD62_4core3ops5arith3AddpE3addBd_
FN:11,_RNvXININtNtNtNtCs99Oc0knXXS8_12librefit_lib2db6schema9body_data7columnssh_0pENtB5_2idINtNtNtCs1FLWZe5rD62_4core3ops5arith3SubpE3subBd_
FN:11,_RNvXININtNtNtNtCs99Oc0knXXS8_12librefit_lib2db6schema9body_data7columnssi_0pENtB5_2idINtNtNtCs1FLWZe5rD62_4core3ops5arith3DivpE3divBd_
FN:11,_RNvXININtNtNtNtCs99Oc0knXXS8_12librefit_lib2db6schema9body_data7columnssj_0pENtB5_2idINtNtNtCs1FLWZe5rD62_4core3ops5arith3MulpE3mulBd_
FN:11,_RNvXININtNtNtNtCs99Oc0knXXS8_12librefit_lib2db6schema9body_data7columnssx_0pENtB5_3ageINtNtNtCs1FLWZe5rD62_4core3ops5arith3AddpE3addBd_
FN:11,_RNvXININtNtNtNtCs99Oc0knXXS8_12librefit_lib2db6schema9body_data7columnssy_0pENtB5_3ageINtNtNtCs1FLWZe5rD62_4core3ops5arith3SubpE3subBd_
FN:11,_RNvXININtNtNtNtCs99Oc0knXXS8_12librefit_lib2db6schema9body_data7columnssz_0pENtB5_3ageINtNtNtCs1FLWZe5rD62_4core3ops5arith3DivpE3divBd_
FN:18,_RNvMNtNtNtCs99Oc0knXXS8_12librefit_lib2db6schema13food_categoryNtB2_5table4star
FN:18,_RNvXs2_NtNtNtCs99Oc0knXXS8_12librefit_lib2db6schema13food_categoryNtB5_5tableNtNtCs7M5B8tusgtg_6diesel13query_builder7AsQuery8as_query
FN:18,_RNvXs3_NtNtNtCs99Oc0knXXS8_12librefit_lib2db6schema13food_categoryNtB5_5tableNtNtCs7M5B8tusgtg_6diesel12query_source5Table11all_columns
FN:18,_RNvXs3_NtNtNtCs99Oc0knXXS8_12librefit_lib2db6schema13food_categoryNtB5_5tableNtNtCs7M5B8tusgtg_6diesel12query_source5Table11primary_key
FN:18,_RNvXs4_NtNtNtCs99Oc0knXXS8_12librefit_lib2db6schema13food_categoryNtB5_5tableNtNtCs7M5B8tusgtg_6diesel12associations8HasTable5table
FN:18,_RNvXs5_NtNtNtCs99Oc0knXXS8_12librefit_lib2db6schema13food_categoryNtB5_5tableNtNtNtNtCs7M5B8tusgtg_6diesel13query_builder16update_statement6target16IntoUpdateTarget18into_update_target
FN:18,_RNvXs_NtNtNtCs99Oc0knXXS8_12librefit_lib2db6schema13food_categoryNtB4_5tableNtNtCs7M5B8tusgtg_6diesel12query_source11QuerySource11from_clause
FN:18,_RNvXs_NtNtNtCs99Oc0knXXS8_12librefit_lib2db6schema13food_categoryNtB4_5tableNtNtCs7M5B8tusgtg_6diesel12query_source11QuerySource17default_selection
FN:39,_RNvMNtNtNtCs99Oc0knXXS8_12librefit_lib2db6schema13intake_targetNtB2_5table4star
FN:39,_RNvXs2_NtNtNtCs99Oc0knXXS8_12librefit_lib2db6schema13intake_targetNtB5_5tableNtNtCs7M5B8tusgtg_6diesel13query_builder7AsQuery8as_query
FN:39,_RNvXs3_NtNtNtCs99Oc0knXXS8_12librefit_lib2db6schema13intake_targetNtB5_5tableNtNtCs7M5B8tusgtg_6diesel12query_source5Table11all_columns
FN:39,_RNvXs3_NtNtNtCs99Oc0knXXS8_12librefit_lib2db6schema13intake_targetNtB5_5tableNtNtCs7M5B8tusgtg_6diesel12query_source5Table11primary_key
FN:39,_RNvXs4_NtNtNtCs99Oc0knXXS8_12librefit_lib2db6schema13intake_targetNtB5_5tableNtNtCs7M5B8tusgtg_6diesel12associations8HasTable5table
FN:39,_RNvXs5_NtNtNtCs99Oc0knXXS8_12librefit_lib2db6schema13intake_targetNtB5_5tableNtNtNtNtCs7M5B8tusgtg_6diesel13query_builder16update_statement6target16IntoUpdateTarget18into_update_target
FN:39,_RNvXs_NtNtNtCs99Oc0knXXS8_12librefit_lib2db6schema13intake_targetNtB4_5tableNtNtCs7M5B8tusgtg_6diesel12query_source11QuerySource11from_clause
FN:39,_RNvXs_NtNtNtCs99Oc0knXXS8_12librefit_lib2db6schema13intake_targetNtB4_5tableNtNtCs7M5B8tusgtg_6diesel12query_source11QuerySource17default_selection
FN:28,_RNvMNtNtNtCs99Oc0knXXS8_12librefit_lib2db6schema6intakeNtB2_5table4star
FN:28,_RNvXs2_NtNtNtCs99Oc0knXXS8_12librefit_lib2db6schema6intakeNtB5_5tableNtNtCs7M5B8tusgtg_6diesel13query_builder7AsQuery8as_query
FN:28,_RNvXs3_NtNtNtCs99Oc0knXXS8_12librefit_lib2db6schema6intakeNtB5_5tableNtNtCs7M5B8tusgtg_6diesel12query_source5Table11all_columns
FN:28,_RNvXs3_NtNtNtCs99Oc0knXXS8_12librefit_lib2db6schema6intakeNtB5_5tableNtNtCs7M5B8tusgtg_6diesel12query_source5Table11primary_key
FN:28,_RNvXs4_NtNtNtCs99Oc0knXXS8_12librefit_lib2db6schema6intakeNtB5_5tableNtNtCs7M5B8tusgtg_6diesel12associations8HasTable5table
FN:28,_RNvXs5_NtNtNtCs99Oc0knXXS8_12librefit_lib2db6schema6intakeNtB5_5tableNtNtNtNtCs7M5B8tusgtg_6diesel13query_builder16update_statement6target16IntoUpdateTarget18into_update_target
FN:28,_RNvXs_NtNtNtCs99Oc0knXXS8_12librefit_lib2db6schema6intakeNtB4_5tableNtNtCs7M5B8tusgtg_6diesel12query_source11QuerySource11from_clause
FN:28,_RNvXs_NtNtNtCs99Oc0knXXS8_12librefit_lib2db6schema6intakeNtB4_5tableNtNtCs7M5B8tusgtg_6diesel12query_source11QuerySource17default_selection
FN:58,_RNvMNtNtNtCs99Oc0knXXS8_12librefit_lib2db6schema13weight_targetNtB2_5table4star
FN:58,_RNvXs2_NtNtNtCs99Oc0knXXS8_12librefit_lib2db6schema13weight_targetNtB5_5tableNtNtCs7M5B8tusgtg_6diesel13query_builder7AsQuery8as_query
FN:58,_RNvXs3_NtNtNtCs99Oc0knXXS8_12librefit_lib2db6schema13weight_targetNtB5_5tableNtNtCs7M5B8tusgtg_6diesel12query_source5Table11all_columns
FN:58,_RNvXs3_NtNtNtCs99Oc0knXXS8_12librefit_lib2db6schema13weight_targetNtB5_5tableNtNtCs7M5B8tusgtg_6diesel12query_source5Table11primary_key
FN:58,_RNvXs4_NtNtNtCs99Oc0knXXS8_12librefit_lib2db6schema13weight_targetNtB5_5tableNtNtCs7M5B8tusgtg_6diesel12associations8HasTable5table
FN:58,_RNvXs5_NtNtNtCs99Oc0knXXS8_12librefit_lib2db6schema13weight_targetNtB5_5tableNtNtNtNtCs7M5B8tusgtg_6diesel13query_builder16update_statement6target16IntoUpdateTarget18into_update_target
FN:58,_RNvXs_NtNtNtCs99Oc0knXXS8_12librefit_lib2db6schema13weight_targetNtB4_5tableNtNtCs7M5B8tusgtg_6diesel12query_source11QuerySource11from_clause
FN:58,_RNvXs_NtNtNtCs99Oc0knXXS8_12librefit_lib2db6schema13weight_targetNtB4_5tableNtNtCs7M5B8tusgtg_6diesel12query_source11QuerySource17default_selection
FN:66,_RNvMNtNtNtCs99Oc0knXXS8_12librefit_lib2db6schema14weight_trackerNtB2_5table4star
FN:66,_RNvXs2_NtNtNtCs99Oc0knXXS8_12librefit_lib2db6schema14weight_trackerNtB5_5tableNtNtCs7M5B8tusgtg_6diesel13query_builder7AsQuery8as_query
FN:66,_RNvXs3_NtNtNtCs99Oc0knXXS8_12librefit_lib2db6schema14weight_trackerNtB5_5tableNtNtCs7M5B8tusgtg_6diesel12query_source5Table11all_columns
FN:66,_RNvXs3_NtNtNtCs99Oc0knXXS8_12librefit_lib2db6schema14weight_trackerNtB5_5tableNtNtCs7M5B8tusgtg_6diesel12query_source5Table11primary_key
FN:66,_RNvXs4_NtNtNtCs99Oc0knXXS8_12librefit_lib2db6schema14weight_trackerNtB5_5tableNtNtCs7M5B8tusgtg_6diesel12associations8HasTable5table
FN:66,_RNvXs5_NtNtNtCs99Oc0knXXS8_12librefit_lib2db6schema14weight_trackerNtB5_5tableNtNtNtNtCs7M5B8tusgtg_6diesel13query_builder16update_statement6target16IntoUpdateTarget18into_update_target
FN:66,_RNvXs_NtNtNtCs99Oc0knXXS8_12librefit_lib2db6schema14weight_trackerNtB4_5tableNtNtCs7M5B8tusgtg_6diesel12query_source11QuerySource11from_clause
FN:66,_RNvXs_NtNtNtCs99Oc0knXXS8_12librefit_lib2db6schema14weight_trackerNtB4_5tableNtNtCs7M5B8tusgtg_6diesel12query_source11QuerySource17default_selection
FN:11,_RNvMNtNtNtCs99Oc0knXXS8_12librefit_lib2db6schema9body_dataNtB2_5table4star
FN:11,_RNvXs2_NtNtNtCs99Oc0knXXS8_12librefit_lib2db6schema9body_dataNtB5_5tableNtNtCs7M5B8tusgtg_6diesel13query_builder7AsQuery8as_query
FN:11,_RNvXs3_NtNtNtCs99Oc0knXXS8_12librefit_lib2db6schema9body_dataNtB5_5tableNtNtCs7M5B8tusgtg_6diesel12query_source5Table11all_columns
FN:11,_RNvXs3_NtNtNtCs99Oc0knXXS8_12librefit_lib2db6schema9body_dataNtB5_5tableNtNtCs7M5B8tusgtg_6diesel12query_source5Table11primary_key
FN:11,_RNvXs4_NtNtNtCs99Oc0knXXS8_12librefit_lib2db6schema9body_dataNtB5_5tableNtNtCs7M5B8tusgtg_6diesel12associations8HasTable5table
FN:11,_RNvXs5_NtNtNtCs99Oc0knXXS8_12librefit_lib2db6schema9body_dataNtB5_5tableNtNtNtNtCs7M5B8tusgtg_6diesel13query_builder16update_statement6target16IntoUpdateTarget18into_update_target
FN:11,_RNvXs_NtNtNtCs99Oc0knXXS8_12librefit_lib2db6schema9body_dataNtB4_5tableNtNtCs7M5B8tusgtg_6diesel12query_source11QuerySource11from_clause
FN:11,_RNvXs_NtNtNtCs99Oc0knXXS8_12librefit_lib2db6schema9body_dataNtB4_5tableNtNtCs7M5B8tusgtg_6diesel12query_source11QuerySource17default_selection
FN:47,_RNvMNtNtNtCs99Oc0knXXS8_12librefit_lib2db6schema10libre_userNtB2_5table4star
FN:47,_RNvXs2_NtNtNtCs99Oc0knXXS8_12librefit_lib2db6schema10libre_userNtB5_5tableNtNtCs7M5B8tusgtg_6diesel13query_builder7AsQuery8as_query
FN:47,_RNvXs3_NtNtNtCs99Oc0knXXS8_12librefit_lib2db6schema10libre_userNtB5_5tableNtNtCs7M5B8tusgtg_6diesel12query_source5Table11all_columns
FN:47,_RNvXs3_NtNtNtCs99Oc0knXXS8_12librefit_lib2db6schema10libre_userNtB5_5tableNtNtCs7M5B8tusgtg_6diesel12query_source5Table11primary_key
FN:47,_RNvXs4_NtNtNtCs99Oc0knXXS8_12librefit_lib2db6schema10libre_userNtB5_5tableNtNtCs7M5B8tusgtg_6diesel12associations8HasTable5table
FN:47,_RNvXs5_NtNtNtCs99Oc0knXXS8_12librefit_lib2db6schema10libre_userNtB5_5tableNtNtNtNtCs7M5B8tusgtg_6diesel13query_builder16update_statement6target16IntoUpdateTarget18into_update_target
FN:47,_RNvXs_NtNtNtCs99Oc0knXXS8_12librefit_lib2db6schema10libre_userNtB4_5tableNtNtCs7M5B8tusgtg_6diesel12query_source11QuerySource11from_clause
FN:47,_RNvXs_NtNtNtCs99Oc0knXXS8_12librefit_lib2db6schema10libre_userNtB4_5tableNtNtCs7M5B8tusgtg_6diesel12query_source11QuerySource17default_selection
FN:47,_RNvMNtNtNtCskxb0fiIX3sM_12librefit_lib2db6schema10libre_userNtB2_5table4star
FN:18,_RNvMNtNtNtCskxb0fiIX3sM_12librefit_lib2db6schema13food_categoryNtB2_5table4star
FN:39,_RNvMNtNtNtCskxb0fiIX3sM_12librefit_lib2db6schema13intake_targetNtB2_5table4star
FN:58,_RNvMNtNtNtCskxb0fiIX3sM_12librefit_lib2db6schema13weight_targetNtB2_5table4star
FN:66,_RNvMNtNtNtCskxb0fiIX3sM_12librefit_lib2db6schema14weight_trackerNtB2_5table4star
FN:28,_RNvMNtNtNtCskxb0fiIX3sM_12librefit_lib2db6schema6intakeNtB2_5table4star
FN:11,_RNvMNtNtNtCskxb0fiIX3sM_12librefit_lib2db6schema9body_dataNtB2_5table4star
FN:47,_RNvXININtNtNtCskxb0fiIX3sM_12librefit_lib2db6schema10libre_users0_0pENtB5_5tableINtNtCs7M5B8tusgtg_6diesel13query_builder13QueryFragmentpE8walk_astBb_
FN:47,_RNvXININtNtNtCskxb0fiIX3sM_12librefit_lib2db6schema10libre_usersa_0ppENtB5_5tableINtNtNtNtCs7M5B8tusgtg_6diesel12query_source8aliasing18field_alias_mapper48FieldAliasMapperAssociatedTypesDisjointnessTrickB16_ppE3mapBb_
FN:47,_RNvXININtNtNtCskxb0fiIX3sM_12librefit_lib2db6schema10libre_usersc_0pppENtB5_5tableINtNtNtCs7M5B8tusgtg_6diesel12query_source5joins6JoinToINtB1l_4JoinpppEE11join_targetBb_
FN:47,_RNvXININtNtNtCskxb0fiIX3sM_12librefit_lib2db6schema10libre_usersd_0ppENtB5_5tableINtNtNtCs7M5B8tusgtg_6diesel12query_source5joins6JoinToINtB1k_6JoinOnppEE11join_targetBb_
FN:47,_RNvXININtNtNtCskxb0fiIX3sM_12librefit_lib2db6schema10libre_userse_0ppppppppENtB5_5tableINtNtNtCs7M5B8tusgtg_6diesel12query_source5joins6JoinToINtNtNtB1u_13query_builder16select_statement15SelectStatementINtNtB2l_11from_clause10FromClausepEpppppppEE11join_targetBb_
FN:47,_RNvXININtNtNtCskxb0fiIX3sM_12librefit_lib2db6schema10libre_usersf_0pppENtB5_5tableINtNtNtCs7M5B8tusgtg_6diesel12query_source5joins6JoinToINtNtNtNtB1p_13query_builder16select_statement5boxed20BoxedSelectStatementINtNtB2i_11from_clause10FromClausepEppEE11join_targetBb_
FN:47,_RNvXININtNtNtCskxb0fiIX3sM_12librefit_lib2db6schema10libre_usersg_0pENtB5_5tableINtNtNtCs7M5B8tusgtg_6diesel12query_source5joins6JoinToINtNtNtB1l_8aliasing5alias5AliaspEE11join_targetBb_
FN:47,_RNvXININtNtNtCskxb0fiIX3sM_12librefit_lib2db6schema10libre_usersh_0pENtB5_5tableINtNtCs7M5B8tusgtg_6diesel10insertable10InsertablepE6valuesBb_
FN:47,_RNvXININtNtNtCskxb0fiIX3sM_12librefit_lib2db6schema10libre_usersi_0pERNtB5_5tableINtNtCs7M5B8tusgtg_6diesel10insertable10InsertablepE6valuesBb_
FN:18,_RNvXININtNtNtCskxb0fiIX3sM_12librefit_lib2db6schema13food_categorys0_0pENtB5_5tableINtNtCs7M5B8tusgtg_6diesel13query_builder13QueryFragmentpE8walk_astBb_
FN:18,_RNvXININtNtNtCskxb0fiIX3sM_12librefit_lib2db6schema13food_categorysa_0ppENtB5_5tableINtNtNtNtCs7M5B8tusgtg_6diesel12query_source8aliasing18field_alias_mapper48FieldAliasMapperAssociatedTypesDisjointnessTrickB19_ppE3mapBb_
FN:18,_RNvXININtNtNtCskxb0fiIX3sM_12librefit_lib2db6schema13food_categorysc_0pppENtB5_5tableINtNtNtCs7M5B8tusgtg_6diesel12query_source5joins6JoinToINtB1o_4JoinpppEE11join_targetBb_
FN:18,_RNvXININtNtNtCskxb0fiIX3sM_12librefit_lib2db6schema13food_categorysd_0ppENtB5_5tableINtNtNtCs7M5B8tusgtg_6diesel12query_source5joins6JoinToINtB1n_6JoinOnppEE11join_targetBb_
FN:18,_RNvXININtNtNtCskxb0fiIX3sM_12librefit_lib2db6schema13food_categoryse_0ppppppppENtB5_5tableINtNtNtCs7M5B8tusgtg_6diesel12query_source5joins6JoinToINtNtNtB1x_13query_builder16select_statement15SelectStatementINtNtB2o_11from_clause10FromClausepEpppppppEE11join_targetBb_
FN:18,_RNvXININtNtNtCskxb0fiIX3sM_12librefit_lib2db6schema13food_categorysf_0pppENtB5_5tableINtNtNtCs7M5B8tusgtg_6diesel12query_source5joins6JoinToINtNtNtNtB1s_13query_builder16select_statement5boxed20BoxedSelectStatementINtNtB2l_11from_clause10FromClausepEppEE11join_targetBb_
FN:18,_RNvXININtNtNtCskxb0fiIX3sM_12librefit_lib2db6schema13food_categorysg_0pENtB5_5tableINtNtNtCs7M5B8tusgtg_6diesel12query_source5joins6JoinToINtNtNtB1o_8aliasing5alias5AliaspEE11join_targetBb_
FN:18,_RNvXININtNtNtCskxb0fiIX3sM_12librefit_lib2db6schema13food_categorysh_0pENtB5_5tableINtNtCs7M5B8tusgtg_6diesel10insertable10InsertablepE6valuesBb_
FN:18,_RNvXININtNtNtCskxb0fiIX3sM_12librefit_lib2db6schema13food_categorysi_0pERNtB5_5tableINtNtCs7M5B8tusgtg_6diesel10insertable10InsertablepE6valuesBb_
FN:39,_RNvXININtNtNtCskxb0fiIX3sM_12librefit_lib2db6schema13intake_targets0_0pENtB5_5tableINtNtCs7M5B8tusgtg_6diesel13query_builder13QueryFragmentpE8walk_astBb_
FN:39,_RNvXININtNtNtCskxb0fiIX3sM_12librefit_lib2db6schema13intake_targetsa_0ppENtB5_5tableINtNtNtNtCs7M5B8tusgtg_6diesel12query_source8aliasing18field_alias_mapper48FieldAliasMapperAssociatedTypesDisjointnessTrickB19_ppE3mapBb_
FN:39,_RNvXININtNtNtCskxb0fiIX3sM_12librefit_lib2db6schema13intake_targetsc_0pppENtB5_5tableINtNtNtCs7M5B8tusgtg_6diesel12query_source5joins6JoinToINtB1o_4JoinpppEE11join_targetBb_
FN:39,_RNvXININtNtNtCskxb0fiIX3sM_12librefit_lib2db6schema13intake_targetsd_0ppENtB5_5tableINtNtNtCs7M5B8tusgtg_6diesel12query_source5joins6JoinToINtB1n_6JoinOnppEE11join_targetBb_
FN:39,_RNvXININtNtNtCskxb0fiIX3sM_12librefit_lib2db6schema13intake_targetse_0ppppppppENtB5_5tableINtNtNtCs7M5B8tusgtg_6diesel12query_source5joins6JoinToINtNtNtB1x_13query_builder16select_statement15SelectStatementINtNtB2o_11from_clause10FromClausepEpppppppEE11join_targetBb_
FN:39,_RNvXININtNtNtCskxb0fiIX3sM_12librefit_lib2db6schema13intake_targetsf_0pppENtB5_5tableINtNtNtCs7M5B8tusgtg_6diesel12query_source5joins6JoinToINtNtNtNtB1s_13query_builder16select_statement5boxed20BoxedSelectStatementINtNtB2l_11from_clause10FromClausepEppEE11join_targetBb_
FN:39,_RNvXININtNtNtCskxb0fiIX3sM_12librefit_lib2db6schema13intake_targetsg_0pENtB5_5tableINtNtNtCs7M5B8tusgtg_6diesel12query_source5joins6JoinToINtNtNtB1o_8aliasing5alias5AliaspEE11join_targetBb_
FN:39,_RNvXININtNtNtCskxb0fiIX3sM_12librefit_lib2db6schema13intake_targetsh_0pENtB5_5tableINtNtCs7M5B8tusgtg_6diesel10insertable10InsertablepE6valuesBb_
FN:39,_RNvXININtNtNtCskxb0fiIX3sM_12librefit_lib2db6schema13intake_targetsi_0pERNtB5_5tableINtNtCs7M5B8tusgtg_6diesel10insertable10InsertablepE6valuesBb_
FN:58,_RNvXININtNtNtCskxb0fiIX3sM_12librefit_lib2db6schema13weight_targets0_0pENtB5_5tableINtNtCs7M5B8tusgtg_6diesel13query_builder13QueryFragmentpE8walk_astBb_
FN:58,_RNvXININtNtNtCskxb0fiIX3sM_12librefit_lib2db6schema13weight_targetsa_0ppENtB5_5tableINtNtNtNtCs7M5B8tusgtg_6diesel12query_source8aliasing18field_alias_mapper48FieldAliasMapperAssociatedTypesDisjointnessTrickB19_ppE3mapBb_
FN:58,_RNvXININtNtNtCskxb0fiIX3sM_12librefit_lib2db6schema13weight_targetsc_0pppENtB5_5tableINtNtNtCs7M5B8tusgtg_6diesel12query_source5joins6JoinToINtB1o_4JoinpppEE11join_targetBb_
FN:58,_RNvXININtNtNtCskxb0fiIX3sM_12librefit_lib2db6schema13weight_targetsd_0ppENtB5_5tableINtNtNtCs7M5B8tusgtg_6diesel12query_source5joins6JoinToINtB1n_6JoinOnppEE11join_targetBb_
FN:58,_RNvXININtNtNtCskxb0fiIX3sM_12librefit_lib2db6schema13weight_targetse_0ppppppppENtB5_5tableINtNtNtCs7M5B8tusgtg_6diesel12query_source5joins6JoinToINtNtNtB1x_13query_builder16select_statement15SelectStatementINtNtB2o_11from_clause10FromClausepEpppppppEE11join_targetBb_
FN:58,_RNvXININtNtNtCskxb0fiIX3sM_12librefit_lib2db6schema13weight_targetsf_0pppENtB5_5tableINtNtNtCs7M5B8tusgtg_6diesel12query_source5joins6JoinToINtNtNtNtB1s_13query_builder16select_statement5boxed20BoxedSelectStatementINtNtB2l_11from_clause10FromClausepEppEE11join_targetBb_
FN:58,_RNvXININtNtNtCskxb0fiIX3sM_12librefit_lib2db6schema13weight_targetsg_0pENtB5_5tableINtNtNtCs7M5B8tusgtg_6diesel12query_source5joins6JoinToINtNtNtB1o_8aliasing5alias5AliaspEE11join_targetBb_
FN:58,_RNvXININtNtNtCskxb0fiIX3sM_12librefit_lib2db6schema13weight_targetsh_0pENtB5_5tableINtNtCs7M5B8tusgtg_6diesel10insertable10InsertablepE6valuesBb_
FN:58,_RNvXININtNtNtCskxb0fiIX3sM_12librefit_lib2db6schema13weight_targetsi_0pERNtB5_5tableINtNtCs7M5B8tusgtg_6diesel10insertable10InsertablepE6valuesBb_
FN:66,_RNvXININtNtNtCskxb0fiIX3sM_12librefit_lib2db6schema14weight_trackers0_0pENtB5_5tableINtNtCs7M5B8tusgtg_6diesel13query_builder13QueryFragmentpE8walk_astBb_
FN:66,_RNvXININtNtNtCskxb0fiIX3sM_12librefit_lib2db6schema14weight_trackersa_0ppENtB5_5tableINtNtNtNtCs7M5B8tusgtg_6diesel12query_source8aliasing18field_alias_mapper48FieldAliasMapperAssociatedTypesDisjointnessTrickB1a_ppE3mapBb_
FN:66,_RNvXININtNtNtCskxb0fiIX3sM_12librefit_lib2db6schema14weight_trackersc_0pppENtB5_5tableINtNtNtCs7M5B8tusgtg_6diesel12query_source5joins6JoinToINtB1p_4JoinpppEE11join_targetBb_
FN:66,_RNvXININtNtNtCskxb0fiIX3sM_12librefit_lib2db6schema14weight_trackersd_0ppENtB5_5tableINtNtNtCs7M5B8tusgtg_6diesel12query_source5joins6JoinToINtB1o_6JoinOnppEE11join_targetBb_
FN:66,_RNvXININtNtNtCskxb0fiIX3sM_12librefit_lib2db6schema14weight_trackerse_0ppppppppENtB5_5tableINtNtNtCs7M5B8tusgtg_6diesel12query_source5joins6JoinToINtNtNtB1y_13query_builder16select_statement15SelectStatementINtNtB2p_11from_clause10FromClausepEpppppppEE11join_targetBb_
FN:66,_RNvXININtNtNtCskxb0fiIX3sM_12librefit_lib2db6schema14weight_trackersf_0pppENtB5_5tableINtNtNtCs7M5B8tusgtg_6diesel12query_source5joins6JoinToINtNtNtNtB1t_13query_builder16select_statement5boxed20BoxedSelectStatementINtNtB2m_11from_clause10FromClausepEppEE11join_targetBb_
FN:66,_RNvXININtNtNtCskxb0fiIX3sM_12librefit_lib2db6schema14weight_trackersg_0pENtB5_5tableINtNtNtCs7M5B8tusgtg_6diesel12query_source5joins6JoinToINtNtNtB1p_8aliasing5alias5AliaspEE11join_targetBb_
FN:66,_RNvXININtNtNtCskxb0fiIX3sM_12librefit_lib2db6schema14weight_trackersh_0pENtB5_5tableINtNtCs7M5B8tusgtg_6diesel10insertable10InsertablepE6valuesBb_
FN:66,_RNvXININtNtNtCskxb0fiIX3sM_12librefit_lib2db6schema14weight_trackersi_0pERNtB5_5tableINtNtCs7M5B8tusgtg_6diesel10insertable10InsertablepE6valuesBb_
FN:28,_RNvXININtNtNtCskxb0fiIX3sM_12librefit_lib2db6schema6intakes0_0pENtB5_5tableINtNtCs7M5B8tusgtg_6diesel13query_builder13QueryFragmentpE8walk_astBb_
FN:28,_RNvXININtNtNtCskxb0fiIX3sM_12librefit_lib2db6schema6intakesa_0ppENtB5_5tableINtNtNtNtCs7M5B8tusgtg_6diesel12query_source8aliasing18field_alias_mapper48FieldAliasMapperAssociatedTypesDisjointnessTrickB11_ppE3mapBb_
FN:28,_RNvXININtNtNtCskxb0fiIX3sM_12librefit_lib2db6schema6intakesc_0pppENtB5_5tableINtNtNtCs7M5B8tusgtg_6diesel12query_source5joins6JoinToINtB1g_4JoinpppEE11join_targetBb_
[...]
FNDA:3,_RNvMs_NtNtCs99Oc0knXXS8_12librefit_lib7service6weightNtB4_12WeightTarget3all
FNDA:30,_RNvMs_NtNtCs99Oc0knXXS8_12librefit_lib7service6weightNtB4_12WeightTarget6create
FNDA:2,_RNvMs_NtNtCs99Oc0knXXS8_12librefit_lib7service6weightNtB4_12WeightTarget6delete
FNDA:1,_RNvMs_NtNtCs99Oc0knXXS8_12librefit_lib7service6weightNtB4_12WeightTarget6update
FNDA:21,_RNvMs_NtNtCs99Oc0knXXS8_12librefit_lib7service6weightNtB4_12WeightTarget9find_last
FNDA:0,_RNvNtNtCs99Oc0knXXS8_12librefit_lib7service6weight18get_weight_targets
FNDA:15,_RNvNtNtCs99Oc0knXXS8_12librefit_lib7service6weight20create_weight_target
FNDA:0,_RNvNtNtCs99Oc0knXXS8_12librefit_lib7service6weight20delete_weight_target
FNDA:0,_RNvNtNtCs99Oc0knXXS8_12librefit_lib7service6weight20update_weight_target
FNDA:73,_RNvNtNtCs99Oc0knXXS8_12librefit_lib7service6weight20validate_date_format
FNDA:0,_RNvNtNtCs99Oc0knXXS8_12librefit_lib7service6weight22get_last_weight_target
FNDA:11,_RNvNtNtCs99Oc0knXXS8_12librefit_lib7service6weight22validate_weight_target
FNDA:18,_RNvNtNtCs99Oc0knXXS8_12librefit_lib7service6weight27create_weight_tracker_entry
FNDA:2,_RNvNtNtCs99Oc0knXXS8_12librefit_lib7service6weight27delete_weight_tracker_entry
FNDA:2,_RNvNtNtCs99Oc0knXXS8_12librefit_lib7service6weight27update_weight_tracker_entry
FNDA:3,_RNvNtNtCs99Oc0knXXS8_12librefit_lib7service6weight33get_weight_tracker_for_date_range
FNDA:0,_RNCNvNtNtCskxb0fiIX3sM_12librefit_lib7service6weight20create_weight_target0B7_
FNDA:0,_RNCNvNtNtCskxb0fiIX3sM_12librefit_lib7service6weight20delete_weight_target0B7_
FNDA:0,_RNCNvNtNtCskxb0fiIX3sM_12librefit_lib7service6weight20update_weight_target0B7_
FNDA:0,_RNCNvNtNtCskxb0fiIX3sM_12librefit_lib7service6weight22validate_weight_target0B7_
FNDA:0,_RNCNvNtNtCskxb0fiIX3sM_12librefit_lib7service6weight22validate_weight_targets_0B7_
FNDA:0,_RNCNvNtNtCskxb0fiIX3sM_12librefit_lib7service6weight27create_weight_tracker_entry0B7_
FNDA:0,_RNCNvNtNtCskxb0fiIX3sM_12librefit_lib7service6weight27delete_weight_tracker_entry0B7_
FNDA:0,_RNCNvNtNtCskxb0fiIX3sM_12librefit_lib7service6weight27update_weight_tracker_entry0B7_
FNDA:0,_RNCNvNtNtCskxb0fiIX3sM_12librefit_lib7service6weight33get_weight_tracker_for_date_range0B7_
FNDA:0,_RNvMNtNtCskxb0fiIX3sM_12librefit_lib7service6weightNtB2_13WeightTracker12find_by_date
FNDA:0,_RNvMNtNtCskxb0fiIX3sM_12librefit_lib7service6weightNtB2_13WeightTracker18find_by_date_range
FNDA:0,_RNvMNtNtCskxb0fiIX3sM_12librefit_lib7service6weightNtB2_13WeightTracker3all
FNDA:0,_RNvMNtNtCskxb0fiIX3sM_12librefit_lib7service6weightNtB2_13WeightTracker6create
FNDA:0,_RNvMNtNtCskxb0fiIX3sM_12librefit_lib7service6weightNtB2_13WeightTracker6delete
FNDA:0,_RNvMNtNtCskxb0fiIX3sM_12librefit_lib7service6weightNtB2_13WeightTracker6update
FNDA:0,_RNvMs_NtNtCskxb0fiIX3sM_12librefit_lib7service6weightNtB4_12WeightTarget10get_latest
FNDA:0,_RNvMs_NtNtCskxb0fiIX3sM_12librefit_lib7service6weightNtB4_12WeightTarget3all
FNDA:0,_RNvMs_NtNtCskxb0fiIX3sM_12librefit_lib7service6weightNtB4_12WeightTarget6create
FNDA:0,_RNvMs_NtNtCskxb0fiIX3sM_12librefit_lib7service6weightNtB4_12WeightTarget6delete
FNDA:0,_RNvMs_NtNtCskxb0fiIX3sM_12librefit_lib7service6weightNtB4_12WeightTarget6update
FNDA:0,_RNvMs_NtNtCskxb0fiIX3sM_12librefit_lib7service6weightNtB4_12WeightTarget9find_last
FNDA:0,_RNvNtNtCskxb0fiIX3sM_12librefit_lib7service6weight18get_weight_targets
FNDA:0,_RNvNtNtCskxb0fiIX3sM_12librefit_lib7service6weight20create_weight_target
FNDA:0,_RNvNtNtCskxb0fiIX3sM_12librefit_lib7service6weight20delete_weight_target
FNDA:0,_RNvNtNtCskxb0fiIX3sM_12librefit_lib7service6weight20update_weight_target
FNDA:0,_RNvNtNtCskxb0fiIX3sM_12librefit_lib7service6weight20validate_date_format
FNDA:0,_RNvNtNtCskxb0fiIX3sM_12librefit_lib7service6weight22get_last_weight_target
FNDA:0,_RNvNtNtCskxb0fiIX3sM_12librefit_lib7service6weight22validate_weight_target
FNDA:0,_RNvNtNtCskxb0fiIX3sM_12librefit_lib7service6weight27create_weight_tracker_entry
FNDA:0,_RNvNtNtCskxb0fiIX3sM_12librefit_lib7service6weight27delete_weight_tracker_entry
FNDA:0,_RNvNtNtCskxb0fiIX3sM_12librefit_lib7service6weight27update_weight_tracker_entry
FNDA:0,_RNvNtNtCskxb0fiIX3sM_12librefit_lib7service6weight33get_weight_tracker_for_date_range
FNDA:0,_RNvXININvNtNtCskxb0fiIX3sM_12librefit_lib7service6weight1__0ppppENtB7_13WeightTrackerINtNtCs7M5B8tusgtg_6diesel11deserialize9QueryableTpppEpE5buildBb_
FNDA:0,_RNvXININvNtNtCskxb0fiIX3sM_12librefit_lib7service6weights6_1__0pppppppENtB7_12WeightTargetINtNtCs7M5B8tusgtg_6diesel11deserialize9QueryableTppppppEpE5buildBb_
FNF:34
FNH:24
DA:16,0
DA:48,0
DA:93,73
DA:94,73
DA:95,73
DA:96,0
DA:97,0
DA:98,0
DA:100,73
DA:103,11
DA:107,11
DA:108,11
DA:109,11
DA:110,11
DA:112,11
DA:113,2
DA:114,9
DA:117,9
DA:118,9
DA:119,0
DA:120,9
DA:123,9
DA:124,9
DA:125,9
DA:126,0
DA:127,0
DA:128,0
DA:129,9
DA:131,9
DA:132,11
DA:140,46
DA:141,46
DA:142,46
DA:143,46
DA:144,46
DA:145,46
DA:148,4
DA:149,4
DA:150,4
DA:153,2
DA:154,2
DA:155,2
DA:156,2
DA:157,2
DA:158,2
DA:159,2
DA:160,2
DA:161,2
DA:162,2
DA:165,3
DA:166,3
DA:167,3
DA:168,3
DA:171,11
DA:172,11
DA:173,11
DA:174,11
DA:175,11
DA:178,29
DA:179,29
DA:180,29
DA:181,29
DA:182,29
DA:183,29
DA:184,29
DA:185,29
DA:186,29
DA:187,29
DA:192,30
DA:193,30
DA:194,30
DA:195,30
DA:196,30
DA:197,30
DA:200,3
DA:201,3
DA:202,3
DA:205,2
DA:206,2
DA:207,2
DA:208,2
DA:209,2
DA:212,1
DA:213,1
DA:214,1
DA:215,1
DA:216,1
DA:217,1
DA:218,1
DA:219,1
DA:220,1
DA:221,1
DA:224,2
DA:225,2
DA:226,2
DA:229,21
DA:230,21
DA:231,21
DA:232,21
DA:233,21
DA:242,15
DA:243,15
DA:244,15
DA:245,15
DA:246,15
DA:247,6
DA:248,9
DA:250,9
DA:252,9
DA:253,15
DA:257,0
DA:258,0
DA:259,0
DA:263,0
DA:264,0
DA:265,0
DA:269,0
DA:270,0
DA:271,0
DA:272,0
DA:273,0
DA:274,0
DA:275,0
DA:276,0
DA:278,0
DA:280,0
DA:281,0
DA:285,0
DA:286,0
DA:287,0
DA:291,18
DA:292,18
DA:293,18
DA:294,18
DA:295,18
DA:296,2
DA:297,16
DA:299,16
DA:301,16
DA:302,18
DA:306,2
DA:307,2
DA:308,2
DA:309,2
DA:310,2
DA:311,2
DA:312,1
DA:313,1
DA:315,1
DA:316,0
DA:321,1
DA:322,2
DA:326,2
DA:327,2
DA:328,2
DA:331,3
DA:332,3
DA:333,3
DA:334,3
DA:335,3
DA:336,3
DA:337,3
BRF:0
BRH:0
LF:171
LH:137
end_of_record
SF:/Users/steff-man/Projects/librefit/src-tauri/src/service/wizard.rs
FN:563,_RNCNvNtNtCs99Oc0knXXS8_12librefit_lib7service6wizard21wizard_create_targets0B7_
FN:572,_RNCNvNtNtCs99Oc0knXXS8_12librefit_lib7service6wizard21wizard_create_targetss0_0B7_
FN:565,_RNCNvNtNtCs99Oc0knXXS8_12librefit_lib7service6wizard21wizard_create_targetss_0B7_
FN:265,_RNCNvNtNtCs99Oc0knXXS8_12librefit_lib7service6wizard25calculate_for_target_date0B7_
FN:326,_RNCNvNtNtCs99Oc0knXXS8_12librefit_lib7service6wizard25calculate_for_target_dates_0B7_
FN:67,_RNvMNtNtCs99Oc0knXXS8_12librefit_lib7service6wizardNtB2_12WizardResult8specific
FN:443,_RNvNtNtCs99Oc0knXXS8_12librefit_lib7service6wizard13calculate_bmi
FN:419,_RNvNtNtCs99Oc0knXXS8_12librefit_lib7service6wizard13calculate_bmr
FN:428,_RNvNtNtCs99Oc0knXXS8_12librefit_lib7service6wizard14calculate_tdee
FN:436,_RNvNtNtCs99Oc0knXXS8_12librefit_lib7service6wizard16calculate_target
FN:432,_RNvNtNtCs99Oc0knXXS8_12librefit_lib7service6wizard17calculate_deficit
FN:462,_RNvNtNtCs99Oc0knXXS8_12librefit_lib7service6wizard20calculate_target_bmi
FN:547,_RNvNtNtCs99Oc0knXXS8_12librefit_lib7service6wizard21wizard_calculate_tdee
FN:558,_RNvNtNtCs99Oc0knXXS8_12librefit_lib7service6wizard21wizard_create_targets
FN:447,_RNvNtNtCs99Oc0knXXS8_12librefit_lib7service6wizard22calculate_bmi_category
FN:517,_RNvNtNtCs99Oc0knXXS8_12librefit_lib7service6wizard23calculate_duration_days
FN:466,_RNvNtNtCs99Oc0knXXS8_12librefit_lib7service6wizard23calculate_target_weight
FN:169,_RNvNtNtCs99Oc0knXXS8_12librefit_lib7service6wizard23validate_activity_level
FN:524,_RNvNtNtCs99Oc0knXXS8_12librefit_lib7service6wizard24calculate_recommendation
FN:238,_RNvNtNtCs99Oc0knXXS8_12librefit_lib7service6wizard25calculate_for_target_date
FN:339,_RNvNtNtCs99Oc0knXXS8_12librefit_lib7service6wizard27calculate_for_target_weight
FN:478,_RNvNtNtCs99Oc0knXXS8_12librefit_lib7service6wizard29calculate_duration_days_total
FN:470,_RNvNtNtCs99Oc0knXXS8_12librefit_lib7service6wizard29calculate_target_weight_lower
FN:474,_RNvNtNtCs99Oc0knXXS8_12librefit_lib7service6wizard29calculate_target_weight_upper
FN:576,_RNvNtNtCs99Oc0knXXS8_12librefit_lib7service6wizard32wizard_calculate_for_target_date
FN:589,_RNvNtNtCs99Oc0knXXS8_12librefit_lib7service6wizard34wizard_calculate_for_target_weight
FN:180,_RNvNtNtCs99Oc0knXXS8_12librefit_lib7service6wizard9calculate
FN:563,_RNCNvNtNtCskxb0fiIX3sM_12librefit_lib7service6wizard21wizard_create_targets0B7_
FN:572,_RNCNvNtNtCskxb0fiIX3sM_12librefit_lib7service6wizard21wizard_create_targetss0_0B7_
FN:565,_RNCNvNtNtCskxb0fiIX3sM_12librefit_lib7service6wizard21wizard_create_targetss_0B7_
FN:265,_RNCNvNtNtCskxb0fiIX3sM_12librefit_lib7service6wizard25calculate_for_target_date0B7_
FN:326,_RNCNvNtNtCskxb0fiIX3sM_12librefit_lib7service6wizard25calculate_for_target_dates_0B7_
FN:67,_RNvMNtNtCskxb0fiIX3sM_12librefit_lib7service6wizardNtB2_12WizardResult8specific
FN:443,_RNvNtNtCskxb0fiIX3sM_12librefit_lib7service6wizard13calculate_bmi
FN:419,_RNvNtNtCskxb0fiIX3sM_12librefit_lib7service6wizard13calculate_bmr
FN:428,_RNvNtNtCskxb0fiIX3sM_12librefit_lib7service6wizard14calculate_tdee
FN:436,_RNvNtNtCskxb0fiIX3sM_12librefit_lib7service6wizard16calculate_target
FN:432,_RNvNtNtCskxb0fiIX3sM_12librefit_lib7service6wizard17calculate_deficit
FN:462,_RNvNtNtCskxb0fiIX3sM_12librefit_lib7service6wizard20calculate_target_bmi
FN:547,_RNvNtNtCskxb0fiIX3sM_12librefit_lib7service6wizard21wizard_calculate_tdee
FN:558,_RNvNtNtCskxb0fiIX3sM_12librefit_lib7service6wizard21wizard_create_targets
FN:447,_RNvNtNtCskxb0fiIX3sM_12librefit_lib7service6wizard22calculate_bmi_category
FN:517,_RNvNtNtCskxb0fiIX3sM_12librefit_lib7service6wizard23calculate_duration_days
FN:466,_RNvNtNtCskxb0fiIX3sM_12librefit_lib7service6wizard23calculate_target_weight
FN:169,_RNvNtNtCskxb0fiIX3sM_12librefit_lib7service6wizard23validate_activity_level
FN:524,_RNvNtNtCskxb0fiIX3sM_12librefit_lib7service6wizard24calculate_recommendation
FN:238,_RNvNtNtCskxb0fiIX3sM_12librefit_lib7service6wizard25calculate_for_target_date
FN:339,_RNvNtNtCskxb0fiIX3sM_12librefit_lib7service6wizard27calculate_for_target_weight
FN:478,_RNvNtNtCskxb0fiIX3sM_12librefit_lib7service6wizard29calculate_duration_days_total
FN:470,_RNvNtNtCskxb0fiIX3sM_12librefit_lib7service6wizard29calculate_target_weight_lower
FN:474,_RNvNtNtCskxb0fiIX3sM_12librefit_lib7service6wizard29calculate_target_weight_upper
FN:576,_RNvNtNtCskxb0fiIX3sM_12librefit_lib7service6wizard32wizard_calculate_for_target_date
FN:589,_RNvNtNtCskxb0fiIX3sM_12librefit_lib7service6wizard34wizard_calculate_for_target_weight
FN:180,_RNvNtNtCskxb0fiIX3sM_12librefit_lib7service6wizard9calculate
FNDA:0,_RNCNvNtNtCs99Oc0knXXS8_12librefit_lib7service6wizard21wizard_create_targets0B7_
FNDA:0,_RNCNvNtNtCs99Oc0knXXS8_12librefit_lib7service6wizard21wizard_create_targetss0_0B7_
FNDA:2,_RNCNvNtNtCs99Oc0knXXS8_12librefit_lib7service6wizard21wizard_create_targetss_0B7_
FNDA:14,_RNCNvNtNtCs99Oc0knXXS8_12librefit_lib7service6wizard25calculate_for_target_date0B7_
FNDA:14,_RNCNvNtNtCs99Oc0knXXS8_12librefit_lib7service6wizard25calculate_for_target_dates_0B7_
FNDA:14,_RNvMNtNtCs99Oc0knXXS8_12librefit_lib7service6wizardNtB2_12WizardResult8specific
FNDA:31,_RNvNtNtCs99Oc0knXXS8_12librefit_lib7service6wizard13calculate_bmi
FNDA:7,_RNvNtNtCs99Oc0knXXS8_12librefit_lib7service6wizard13calculate_bmr
FNDA:7,_RNvNtNtCs99Oc0knXXS8_12librefit_lib7service6wizard14calculate_tdee
FNDA:7,_RNvNtNtCs99Oc0knXXS8_12librefit_lib7service6wizard16calculate_target
FNDA:7,_RNvNtNtCs99Oc0knXXS8_12librefit_lib7service6wizard17calculate_deficit
FNDA:7,_RNvNtNtCs99Oc0knXXS8_12librefit_lib7service6wizard20calculate_target_bmi
FNDA:14,_RNvNtNtCs99Oc0knXXS8_12librefit_lib7service6wizard21wizard_calculate_tdee
FNDA:2,_RNvNtNtCs99Oc0knXXS8_12librefit_lib7service6wizard21wizard_create_targets
FNDA:31,_RNvNtNtCs99Oc0knXXS8_12librefit_lib7service6wizard22calculate_bmi_category
FNDA:21,_RNvNtNtCs99Oc0knXXS8_12librefit_lib7service6wizard23calculate_duration_days
FNDA:7,_RNvNtNtCs99Oc0knXXS8_12librefit_lib7service6wizard23calculate_target_weight
FNDA:14,_RNvNtNtCs99Oc0knXXS8_12librefit_lib7service6wizard23validate_activity_level
FNDA:7,_RNvNtNtCs99Oc0knXXS8_12librefit_lib7service6wizard24calculate_recommendation
FNDA:4,_RNvNtNtCs99Oc0knXXS8_12librefit_lib7service6wizard25calculate_for_target_date
FNDA:8,_RNvNtNtCs99Oc0knXXS8_12librefit_lib7service6wizard27calculate_for_target_weight
FNDA:7,_RNvNtNtCs99Oc0knXXS8_12librefit_lib7service6wizard29calculate_duration_days_total
FNDA:7,_RNvNtNtCs99Oc0knXXS8_12librefit_lib7service6wizard29calculate_target_weight_lower
FNDA:7,_RNvNtNtCs99Oc0knXXS8_12librefit_lib7service6wizard29calculate_target_weight_upper
FNDA:4,_RNvNtNtCs99Oc0knXXS8_12librefit_lib7service6wizard32wizard_calculate_for_target_date
FNDA:8,_RNvNtNtCs99Oc0knXXS8_12librefit_lib7service6wizard34wizard_calculate_for_target_weight
FNDA:14,_RNvNtNtCs99Oc0knXXS8_12librefit_lib7service6wizard9calculate
FNDA:0,_RNCNvNtNtCskxb0fiIX3sM_12librefit_lib7service6wizard21wizard_create_targets0B7_
FNDA:0,_RNCNvNtNtCskxb0fiIX3sM_12librefit_lib7service6wizard21wizard_create_targetss0_0B7_
FNDA:0,_RNCNvNtNtCskxb0fiIX3sM_12librefit_lib7service6wizard21wizard_create_targetss_0B7_
FNDA:0,_RNCNvNtNtCskxb0fiIX3sM_12librefit_lib7service6wizard25calculate_for_target_date0B7_
FNDA:0,_RNCNvNtNtCskxb0fiIX3sM_12librefit_lib7service6wizard25calculate_for_target_dates_0B7_
FNDA:0,_RNvMNtNtCskxb0fiIX3sM_12librefit_lib7service6wizardNtB2_12WizardResult8specific
FNDA:0,_RNvNtNtCskxb0fiIX3sM_12librefit_lib7service6wizard13calculate_bmi
FNDA:0,_RNvNtNtCskxb0fiIX3sM_12librefit_lib7service6wizard13calculate_bmr
FNDA:0,_RNvNtNtCskxb0fiIX3sM_12librefit_lib7service6wizard14calculate_tdee
FNDA:0,_RNvNtNtCskxb0fiIX3sM_12librefit_lib7service6wizard16calculate_target
FNDA:0,_RNvNtNtCskxb0fiIX3sM_12librefit_lib7service6wizard17calculate_deficit
FNDA:0,_RNvNtNtCskxb0fiIX3sM_12librefit_lib7service6wizard20calculate_target_bmi
FNDA:0,_RNvNtNtCskxb0fiIX3sM_12librefit_lib7service6wizard21wizard_calculate_tdee
FNDA:0,_RNvNtNtCskxb0fiIX3sM_12librefit_lib7service6wizard21wizard_create_targets
FNDA:0,_RNvNtNtCskxb0fiIX3sM_12librefit_lib7service6wizard22calculate_bmi_category
FNDA:0,_RNvNtNtCskxb0fiIX3sM_12librefit_lib7service6wizard23calculate_duration_days
FNDA:0,_RNvNtNtCskxb0fiIX3sM_12librefit_lib7service6wizard23calculate_target_weight
FNDA:0,_RNvNtNtCskxb0fiIX3sM_12librefit_lib7service6wizard23validate_activity_level
FNDA:0,_RNvNtNtCskxb0fiIX3sM_12librefit_lib7service6wizard24calculate_recommendation
FNDA:0,_RNvNtNtCskxb0fiIX3sM_12librefit_lib7service6wizard25calculate_for_target_date
FNDA:0,_RNvNtNtCskxb0fiIX3sM_12librefit_lib7service6wizard27calculate_for_target_weight
FNDA:0,_RNvNtNtCskxb0fiIX3sM_12librefit_lib7service6wizard29calculate_duration_days_total
FNDA:0,_RNvNtNtCskxb0fiIX3sM_12librefit_lib7service6wizard29calculate_target_weight_lower
FNDA:0,_RNvNtNtCskxb0fiIX3sM_12librefit_lib7service6wizard29calculate_target_weight_upper
FNDA:0,_RNvNtNtCskxb0fiIX3sM_12librefit_lib7service6wizard32wizard_calculate_for_target_date
FNDA:0,_RNvNtNtCskxb0fiIX3sM_12librefit_lib7service6wizard34wizard_calculate_for_target_weight
FNDA:0,_RNvNtNtCskxb0fiIX3sM_12librefit_lib7service6wizard9calculate
FNF:27
FNH:25
DA:67,14
DA:68,14
DA:69,14
DA:70,14
DA:71,14
DA:72,14
DA:73,14
DA:74,14
DA:75,14
DA:76,14
DA:77,14
DA:78,14
DA:79,14
DA:80,14
DA:81,14
DA:82,14
DA:83,14
DA:84,14
DA:85,14
DA:86,14
DA:169,14
DA:170,14
DA:171,14
DA:172,0
DA:174,14
DA:180,14
DA:181,14
DA:182,7
DA:184,7
DA:186,7
DA:187,7
DA:188,7
DA:189,7
DA:190,7
DA:193,7
DA:194,7
DA:195,7
DA:197,7
DA:198,7
DA:200,7
DA:201,7
DA:202,7
DA:204,7
DA:205,7
DA:206,7
DA:207,7
DA:208,7
DA:210,7
DA:212,7
DA:213,7
DA:214,7
DA:215,7
DA:216,7
DA:217,7
DA:218,7
DA:219,7
DA:220,7
DA:221,7
DA:222,7
DA:223,7
DA:224,7
DA:225,7
DA:226,7
DA:227,7
DA:228,7
DA:229,7
DA:231,7
DA:233,7
DA:236,14
DA:238,4
DA:239,4
DA:240,4
DA:241,4
DA:242,2
DA:244,2
DA:245,2
DA:246,2
DA:247,2
DA:249,2
DA:251,2
DA:252,2
DA:254,2
DA:255,2
DA:256,1
DA:258,1
DA:261,2
DA:263,2
DA:264,2
DA:265,14
DA:266,14
DA:267,14
DA:269,14
DA:270,14
DA:272,14
DA:273,14
DA:275,14
DA:277,7
DA:278,7
DA:280,0
DA:284,7
DA:285,0
DA:287,7
DA:289,0
DA:293,14
DA:294,2
DA:297,2
DA:298,0
DA:299,0
DA:301,0
DA:302,0
DA:303,0
DA:304,0
DA:309,0
DA:311,0
DA:312,0
DA:314,0
DA:315,0
DA:316,0
DA:317,0
DA:320,0
DA:321,2
DA:323,2
DA:324,2
DA:326,14
DA:327,14
DA:328,14
DA:329,14
DA:331,2
DA:332,2
DA:333,2
DA:334,2
DA:337,4
DA:339,8
DA:340,8
DA:341,8
DA:342,8
DA:343,4
DA:345,4
DA:346,4
DA:348,4
DA:349,4
DA:351,4
DA:352,1
DA:354,3
DA:357,4
DA:358,4
DA:362,4
DA:364,4
DA:365,1
DA:366,1
DA:367,0
DA:368,1
DA:369,1
DA:370,1
DA:371,0
DA:372,3
DA:373,0
DA:374,0
DA:375,0
DA:376,0
DA:377,0
DA:378,0
DA:379,0
DA:380,3
DA:381,0
DA:382,0
DA:383,0
DA:384,0
DA:385,0
DA:386,0
DA:387,0
DA:388,3
DA:390,4
DA:391,4
DA:393,4
DA:394,3
DA:396,24
DA:397,21
DA:398,21
DA:399,21
DA:400,21
DA:401,21
DA:402,21
DA:403,21
DA:404,21
DA:405,21
DA:406,1
DA:408,4
DA:409,4
DA:410,4
DA:411,4
DA:412,4
DA:413,4
DA:414,4
DA:417,8
DA:419,7
DA:420,7
DA:421,6
DA:423,1
DA:426,7
DA:428,7
DA:429,7
DA:430,7
DA:432,7
DA:433,7
DA:434,7
DA:436,7
DA:437,7
DA:438,1
DA:439,6
DA:441,7
DA:443,31
DA:444,31
DA:445,31
DA:447,31
DA:448,31
DA:450,31
DA:451,31
DA:452,27
DA:453,8
DA:454,0
DA:455,0
DA:457,31
DA:462,7
DA:463,7
DA:464,7
DA:466,7
DA:467,7
DA:468,7
DA:470,7
DA:471,7
DA:472,7
DA:474,7
DA:475,7
DA:476,7
DA:478,7
DA:479,7
DA:480,1
DA:481,1
DA:482,1
DA:483,1
DA:484,1
DA:485,1
DA:486,1
DA:487,1
DA:488,1
DA:489,1
DA:490,1
DA:491,1
DA:492,1
DA:493,1
DA:494,1
DA:495,1
DA:496,1
DA:497,6
DA:498,6
DA:499,6
DA:500,6
DA:501,6
DA:502,6
DA:503,6
DA:504,6
DA:505,6
DA:506,6
DA:507,6
DA:508,6
DA:509,6
DA:510,6
DA:511,6
DA:512,6
DA:513,6
DA:515,7
DA:517,21
DA:518,21
DA:519,21
DA:524,7
DA:525,7
DA:527,7
DA:528,1
DA:529,6
DA:532,0
DA:533,6
DA:535,5
DA:538,1
DA:540,7
DA:547,14
DA:548,14
DA:550,14
DA:552,14
DA:554,14
DA:555,14
DA:558,2
DA:559,2
DA:561,2
DA:562,2
DA:563,2
DA:565,2
DA:566,2
DA:567,2
DA:568,2
DA:570,2
DA:571,2
DA:572,2
DA:573,2
DA:576,4
DA:577,4
DA:578,4
DA:579,4
DA:581,4
DA:583,4
DA:585,4
DA:586,4
DA:589,8
DA:590,8
DA:591,8
DA:592,8
DA:594,8
DA:596,8
DA:598,8
DA:599,8
BRF:0
BRH:0
LF:325
LH:286
end_of_record
SF:/Users/steff-man/Projects/librefit/src-tauri/src/util/error_handler.rs
FN:5,_RNvNtNtCs99Oc0knXXS8_12librefit_lib4util13error_handler12handle_error
FN:5,_RNvNtNtCskxb0fiIX3sM_12librefit_lib4util13error_handler12handle_error
FNDA:2,_RNvNtNtCs99Oc0knXXS8_12librefit_lib4util13error_handler12handle_error
FNDA:0,_RNvNtNtCskxb0fiIX3sM_12librefit_lib4util13error_handler12handle_error
FNF:1
FNH:1
DA:5,2
DA:6,2
DA:8,2
DA:9,2
DA:10,0
DA:11,0
DA:12,0
DA:13,0
DA:15,0
DA:16,0
DA:17,0
DA:19,0
DA:21,2
BRF:0
BRH:0
LF:13
LH:5
end_of_record
SF:/Users/steff-man/Projects/librefit/src-tauri/src/util/serde/date.rs
FN:12,_RINvNtNtNtCs99Oc0knXXS8_12librefit_lib4util5serde4date11deserializepEB8_
FN:8,_RINvNtNtNtCs99Oc0knXXS8_12librefit_lib4util5serde4date9serializepEB8_
FN:4,_RNvNtNtNtCs99Oc0knXXS8_12librefit_lib4util5serde4date12date_to_json
FN:12,_RINvNtNtNtCskxb0fiIX3sM_12librefit_lib4util5serde4date11deserializepEB8_
FN:8,_RINvNtNtNtCskxb0fiIX3sM_12librefit_lib4util5serde4date9serializepEB8_
FN:4,_RNvNtNtNtCskxb0fiIX3sM_12librefit_lib4util5serde4date12date_to_json
FNDA:0,_RINvNtNtNtCs99Oc0knXXS8_12librefit_lib4util5serde4date11deserializepEB8_
FNDA:0,_RINvNtNtNtCs99Oc0knXXS8_12librefit_lib4util5serde4date9serializepEB8_
FNDA:0,_RNvNtNtNtCs99Oc0knXXS8_12librefit_lib4util5serde4date12date_to_json
FNDA:0,_RINvNtNtNtCskxb0fiIX3sM_12librefit_lib4util5serde4date11deserializepEB8_
FNDA:0,_RINvNtNtNtCskxb0fiIX3sM_12librefit_lib4util5serde4date9serializepEB8_
FNDA:0,_RNvNtNtNtCskxb0fiIX3sM_12librefit_lib4util5serde4date12date_to_json
FNF:3
FNH:0
DA:4,0
DA:5,0
DA:6,0
DA:8,0
DA:9,0
DA:10,0
DA:12,0
DA:13,0
DA:14,0
DA:15,0
BRF:0
BRH:0
LF:10
LH:0
end_of_record